#-----------------------------------------------------------
# Vivado v2025.1 (64-bit)
# SW Build 6140274 on Thu May 22 00:12:29 MDT 2025
# IP Build 6138677 on Thu May 22 03:10:11 MDT 2025
# SharedData Build 6139179 on Tue May 20 17:58:58 MDT 2025
# Start of session at: Thu Dec  4 13:37:43 2025
# Process ID         : 18388
# Current directory  : C:/Users/fahre/Downloads/Group4FinalProject_DSG-main/Group4FinalProject_DSG-main/project_dsg_hummingbird_eminem
# Command line       : vivado.exe -gui_launcher_event rodinguilauncherevent25152 C:\Users\fahre\Downloads\Group4FinalProject_DSG-main\Group4FinalProject_DSG-main\project_dsg_hummingbird_eminem\project_dsg_hummingbird_eminem.xpr
# Log file           : C:/Users/fahre/Downloads/Group4FinalProject_DSG-main/Group4FinalProject_DSG-main/project_dsg_hummingbird_eminem/vivado.log
# Journal file       : C:/Users/fahre/Downloads/Group4FinalProject_DSG-main/Group4FinalProject_DSG-main/project_dsg_hummingbird_eminem\vivado.jou
# Running On         : SSSSS
# Platform           : Windows Server 2016 or Windows 10
# Operating System   : 26100
# Processor Detail   : AMD Ryzen 5 5600H with Radeon Graphics         
# CPU Frequency      : 3294 MHz
# CPU Physical cores : 6
# CPU Logical cores  : 12
# Host memory        : 25131 MB
# Swap memory        : 1610 MB
# Total Virtual      : 26741 MB
# Available Virtual  : 6166 MB
#-----------------------------------------------------------
start_gui
open_project C:/Users/fahre/Downloads/Group4FinalProject_DSG-main/Group4FinalProject_DSG-main/project_dsg_hummingbird_eminem/project_dsg_hummingbird_eminem.xpr
INFO: [ProjectBase 1-489] The host OS only allows 260 characters in a normal path. The project is stored in a path with more than 80 characters. If you experience issues with IP, Block Designs, or files not being found, please consider moving the project to a location with a shorter path. Alternately consider using the OS subst command to map part of the path to a drive letter.
Current project path is 'C:/Users/fahre/Downloads/Group4FinalProject_DSG-main/Group4FinalProject_DSG-main/project_dsg_hummingbird_eminem'
WARNING: [Board 49-26] cannot add Board Part xilinx.com:emb-plus-vpr-4616:part0:1.0 available at D:/2025.1/data/xhub/boards\XilinxBoardStore\boards\Xilinx\emb-plus-vpr-4616\1.0\board.xml as part xcve2302-sfva784-2mp-e-s specified in board_part file is either invalid or not available
WARNING: [Board 49-26] cannot add Board Part xilinx.com:emb-plus-vpr-4616:part0:1.1 available at D:/2025.1/data/xhub/boards\XilinxBoardStore\boards\Xilinx\emb-plus-vpr-4616\1.1\board.xml as part xcve2302-sfva784-2mp-e-s specified in board_part file is either invalid or not available
WARNING: [Board 49-26] cannot add Board Part xilinx.com:kcu105:part0:1.6 available at D:/2025.1/data/xhub/boards\XilinxBoardStore\boards\Xilinx\kcu105\1.6\board.xml as part xcku040-ffva1156-2-e specified in board_part file is either invalid or not available
WARNING: [Board 49-26] cannot add Board Part xilinx.com:kcu105:part0:1.7 available at D:/2025.1/data/xhub/boards\XilinxBoardStore\boards\Xilinx\kcu105\1.7\board.xml as part xcku040-ffva1156-2-e specified in board_part file is either invalid or not available
WARNING: [Board 49-26] cannot add Board Part xilinx.com:kcu1500:part0:1.2 available at D:/2025.1/data/xhub/boards\XilinxBoardStore\boards\Xilinx\kcu1500\1.2\board.xml as part xcku115-flvb2104-2-e specified in board_part file is either invalid or not available
WARNING: [Board 49-26] cannot add Board Part xilinx.com:v80:part0:1.0 available at D:/2025.1/data/xhub/boards\XilinxBoardStore\boards\Xilinx\v80\1.0\board.xml as part xcv80-lsva4737-2mhp-e-s specified in board_part file is either invalid or not available
WARNING: [Board 49-26] cannot add Board Part xilinx.com:vck190:part0:2.2 available at D:/2025.1/data/xhub/boards\XilinxBoardStore\boards\Xilinx\vck190\production\2.2\board.xml as part xcvc1902-vsva2197-2mp-e-s specified in board_part file is either invalid or not available
WARNING: [Board 49-26] cannot add Board Part xilinx.com:vck190:part0:3.0 available at D:/2025.1/data/xhub/boards\XilinxBoardStore\boards\Xilinx\vck190\production\3.0\board.xml as part xcvc1902-vsva2197-2mp-e-s specified in board_part file is either invalid or not available
WARNING: [Board 49-26] cannot add Board Part xilinx.com:vck190:part0:3.1 available at D:/2025.1/data/xhub/boards\XilinxBoardStore\boards\Xilinx\vck190\production\3.1\board.xml as part xcvc1902-vsva2197-2mp-e-s specified in board_part file is either invalid or not available
WARNING: [Board 49-26] cannot add Board Part xilinx.com:vck190:part0:3.2 available at D:/2025.1/data/xhub/boards\XilinxBoardStore\boards\Xilinx\vck190\production\3.2\board.xml as part xcvc1902-vsva2197-2mp-e-s specified in board_part file is either invalid or not available
WARNING: [Board 49-26] cannot add Board Part xilinx.com:vck190:part0:3.3 available at D:/2025.1/data/xhub/boards\XilinxBoardStore\boards\Xilinx\vck190\production\3.3\board.xml as part xcvc1902-vsva2197-2mp-e-s specified in board_part file is either invalid or not available
WARNING: [Board 49-26] cannot add Board Part xilinx.com:vck190:part0:3.4 available at D:/2025.1/data/xhub/boards\XilinxBoardStore\boards\Xilinx\vck190\production\3.4\board.xml as part xcvc1902-vsva2197-2mp-e-s specified in board_part file is either invalid or not available
WARNING: [Board 49-26] cannot add Board Part xilinx.com:vck190_newl:part0:1.0 available at D:/2025.1/data/xhub/boards\XilinxBoardStore\boards\Xilinx\vck190_newl\production\1.0\board.xml as part xcvc1902-vsva2197-2mp-e-s specified in board_part file is either invalid or not available
WARNING: [Board 49-26] cannot add Board Part xilinx.com:vck190_newl:part0:1.1 available at D:/2025.1/data/xhub/boards\XilinxBoardStore\boards\Xilinx\vck190_newl\production\1.1\board.xml as part xcvc1902-vsva2197-2mp-e-s specified in board_part file is either invalid or not available
WARNING: [Board 49-26] cannot add Board Part xilinx.com:vck190_newl:part0:1.2 available at D:/2025.1/data/xhub/boards\XilinxBoardStore\boards\Xilinx\vck190_newl\production\1.2\board.xml as part xcvc1902-vsva2197-2mp-e-s specified in board_part file is either invalid or not available
WARNING: [Board 49-26] cannot add Board Part xilinx.com:vck190_newl:part0:1.3 available at D:/2025.1/data/xhub/boards\XilinxBoardStore\boards\Xilinx\vck190_newl\production\1.3\board.xml as part xcvc1902-vsva2197-2mp-e-s specified in board_part file is either invalid or not available
WARNING: [Board 49-26] cannot add Board Part xilinx.com:vcu108:part0:1.6 available at D:/2025.1/data/xhub/boards\XilinxBoardStore\boards\Xilinx\vcu108\1.6\board.xml as part xcvu095-ffva2104-2-e specified in board_part file is either invalid or not available
WARNING: [Board 49-26] cannot add Board Part xilinx.com:vcu108:part0:1.7 available at D:/2025.1/data/xhub/boards\XilinxBoardStore\boards\Xilinx\vcu108\1.7\board.xml as part xcvu095-ffva2104-2-e specified in board_part file is either invalid or not available
WARNING: [Board 49-26] cannot add Board Part xilinx.com:vcu110:part0:1.4 available at D:/2025.1/data/xhub/boards\XilinxBoardStore\boards\Xilinx\vcu110\1.4\board.xml as part xcvu190-flgc2104-2-e specified in board_part file is either invalid or not available
WARNING: [Board 49-26] cannot add Board Part xilinx.com:vcu118:part0:2.0 available at D:/2025.1/data/xhub/boards\XilinxBoardStore\boards\Xilinx\vcu118\2.0\board.xml as part xcvu9p-flga2104-2l-e specified in board_part file is either invalid or not available
WARNING: [Board 49-26] cannot add Board Part xilinx.com:vcu118:part0:2.3 available at D:/2025.1/data/xhub/boards\XilinxBoardStore\boards\Xilinx\vcu118\2.3\board.xml as part xcvu9p-flga2104-2l-e specified in board_part file is either invalid or not available
WARNING: [Board 49-26] cannot add Board Part xilinx.com:vcu118:part0:2.4 available at D:/2025.1/data/xhub/boards\XilinxBoardStore\boards\Xilinx\vcu118\2.4\board.xml as part xcvu9p-flga2104-2l-e specified in board_part file is either invalid or not available
WARNING: [Board 49-26] cannot add Board Part xilinx.com:vcu128:part0:1.0 available at D:/2025.1/data/xhub/boards\XilinxBoardStore\boards\Xilinx\vcu128\production\1.0\board.xml as part xcvu37p-fsvh2892-2l-e specified in board_part file is either invalid or not available
WARNING: [Board 49-26] cannot add Board Part xilinx.com:vcu129:part0:1.0 available at D:/2025.1/data/xhub/boards\XilinxBoardStore\boards\Xilinx\vcu129\production\1.0\board.xml as part xcvu29p-fsga2577-2l-e specified in board_part file is either invalid or not available
WARNING: [Board 49-26] cannot add Board Part xilinx.com:vcu1525:part0:1.3 available at D:/2025.1/data/xhub/boards\XilinxBoardStore\boards\Xilinx\vcu1525\1.3\board.xml as part xcvu9p-fsgd2104-2l-e specified in board_part file is either invalid or not available
WARNING: [Board 49-26] cannot add Board Part xilinx.com:vek280:part0:1.0 available at D:/2025.1/data/xhub/boards\XilinxBoardStore\boards\Xilinx\vek280\production\1.0\board.xml as part xcve2802-vsvh1760-2mp-e-s specified in board_part file is either invalid or not available
WARNING: [Board 49-26] cannot add Board Part xilinx.com:vek280:part0:1.1 available at D:/2025.1/data/xhub/boards\XilinxBoardStore\boards\Xilinx\vek280\production\1.1\board.xml as part xcve2802-vsvh1760-2mp-e-s specified in board_part file is either invalid or not available
WARNING: [Board 49-26] cannot add Board Part xilinx.com:vek280:part0:1.2 available at D:/2025.1/data/xhub/boards\XilinxBoardStore\boards\Xilinx\vek280\production\1.2\board.xml as part xcve2802-vsvh1760-2mp-e-s specified in board_part file is either invalid or not available
WARNING: [Board 49-26] cannot add Board Part xilinx.com:vek385:part0:1.0 available at D:/2025.1/data/xhub/boards\XilinxBoardStore\boards\Xilinx\vek385\1.0\board.xml as part xc2ve3858-ssva2112-2mp-e-s specified in board_part file is either invalid or not available
WARNING: [Board 49-26] cannot add Board Part xilinx.com:vermeo_t1_mpsoc:part0:1.0 available at D:/2025.1/data/xhub/boards\XilinxBoardStore\boards\Xilinx\vermeo_t1_mpsoc\1.0\board.xml as part xczu19eg-ffvd1760-2l-e specified in board_part file is either invalid or not available
WARNING: [Board 49-26] cannot add Board Part xilinx.com:vermeo_t1_rfsoc:part0:1.0 available at D:/2025.1/data/xhub/boards\XilinxBoardStore\boards\Xilinx\vermeo_t1_rfsoc\1.0\board.xml as part xczu21dr-ffvd1156-2l-e specified in board_part file is either invalid or not available
WARNING: [Board 49-26] cannot add Board Part xilinx.com:vhk158:part0:1.0 available at D:/2025.1/data/xhub/boards\XilinxBoardStore\boards\Xilinx\vhk158\production\1.0\board.xml as part xcvh1582-vsva3697-2mp-e-s specified in board_part file is either invalid or not available
WARNING: [Board 49-26] cannot add Board Part xilinx.com:vhk158:part0:1.1 available at D:/2025.1/data/xhub/boards\XilinxBoardStore\boards\Xilinx\vhk158\production\1.1\board.xml as part xcvh1582-vsva3697-2mp-e-s specified in board_part file is either invalid or not available
WARNING: [Board 49-26] cannot add Board Part xilinx.com:vhk158:part0:1.2 available at D:/2025.1/data/xhub/boards\XilinxBoardStore\boards\Xilinx\vhk158\production\1.2\board.xml as part xcvh1582-vsva3697-2mp-e-s specified in board_part file is either invalid or not available
WARNING: [Board 49-26] cannot add Board Part xilinx.com:vmk180:part0:2.2 available at D:/2025.1/data/xhub/boards\XilinxBoardStore\boards\Xilinx\vmk180\production\2.2\board.xml as part xcvm1802-vsva2197-2mp-e-s specified in board_part file is either invalid or not available
WARNING: [Board 49-26] cannot add Board Part xilinx.com:vmk180:part0:3.0 available at D:/2025.1/data/xhub/boards\XilinxBoardStore\boards\Xilinx\vmk180\production\3.0\board.xml as part xcvm1802-vsva2197-2mp-e-s specified in board_part file is either invalid or not available
WARNING: [Board 49-26] cannot add Board Part xilinx.com:vmk180:part0:3.1 available at D:/2025.1/data/xhub/boards\XilinxBoardStore\boards\Xilinx\vmk180\production\3.1\board.xml as part xcvm1802-vsva2197-2mp-e-s specified in board_part file is either invalid or not available
WARNING: [Board 49-26] cannot add Board Part xilinx.com:vmk180:part0:3.2 available at D:/2025.1/data/xhub/boards\XilinxBoardStore\boards\Xilinx\vmk180\production\3.2\board.xml as part xcvm1802-vsva2197-2mp-e-s specified in board_part file is either invalid or not available
WARNING: [Board 49-26] cannot add Board Part xilinx.com:vmk180:part0:3.3 available at D:/2025.1/data/xhub/boards\XilinxBoardStore\boards\Xilinx\vmk180\production\3.3\board.xml as part xcvm1802-vsva2197-2mp-e-s specified in board_part file is either invalid or not available
WARNING: [Board 49-26] cannot add Board Part xilinx.com:vmk180_newl:part0:1.0 available at D:/2025.1/data/xhub/boards\XilinxBoardStore\boards\Xilinx\vmk180_newl\production\1.0\board.xml as part xcvm1802-vsva2197-2mp-e-s specified in board_part file is either invalid or not available
WARNING: [Board 49-26] cannot add Board Part xilinx.com:vmk180_newl:part0:1.1 available at D:/2025.1/data/xhub/boards\XilinxBoardStore\boards\Xilinx\vmk180_newl\production\1.1\board.xml as part xcvm1802-vsva2197-2mp-e-s specified in board_part file is either invalid or not available
WARNING: [Board 49-26] cannot add Board Part xilinx.com:vpk120:part0:1.0 available at D:/2025.1/data/xhub/boards\XilinxBoardStore\boards\Xilinx\vpk120\production\1.0\board.xml as part xcvp1202-vsva2785-2mp-e-s specified in board_part file is either invalid or not available
WARNING: [Board 49-26] cannot add Board Part xilinx.com:vpk120:part0:1.1 available at D:/2025.1/data/xhub/boards\XilinxBoardStore\boards\Xilinx\vpk120\production\1.1\board.xml as part xcvp1202-vsva2785-2mp-e-s specified in board_part file is either invalid or not available
WARNING: [Board 49-26] cannot add Board Part xilinx.com:vpk120:part0:1.2 available at D:/2025.1/data/xhub/boards\XilinxBoardStore\boards\Xilinx\vpk120\production\1.2\board.xml as part xcvp1202-vsva2785-2mp-e-s specified in board_part file is either invalid or not available
WARNING: [Board 49-26] cannot add Board Part xilinx.com:vpk180:part0:1.0 available at D:/2025.1/data/xhub/boards\XilinxBoardStore\boards\Xilinx\vpk180\production\1.0\board.xml as part xcvp1802-lsvc4072-2mp-e-s specified in board_part file is either invalid or not available
WARNING: [Board 49-26] cannot add Board Part xilinx.com:vpk180:part0:1.1 available at D:/2025.1/data/xhub/boards\XilinxBoardStore\boards\Xilinx\vpk180\production\1.1\board.xml as part xcvp1802-lsvc4072-2mp-e-s specified in board_part file is either invalid or not available
WARNING: [Board 49-26] cannot add Board Part xilinx.com:vpk180:part0:1.2 available at D:/2025.1/data/xhub/boards\XilinxBoardStore\boards\Xilinx\vpk180\production\1.2\board.xml as part xcvp1802-lsvc4072-2mp-e-s specified in board_part file is either invalid or not available
WARNING: [Board 49-26] cannot add Board Part xilinx.com:zcu102:part0:3.3 available at D:/2025.1/data/xhub/boards\XilinxBoardStore\boards\Xilinx\zcu102\3.3\board.xml as part xczu9eg-ffvb1156-2-e specified in board_part file is either invalid or not available
WARNING: [Board 49-26] cannot add Board Part xilinx.com:zcu102:part0:3.4 available at D:/2025.1/data/xhub/boards\XilinxBoardStore\boards\Xilinx\zcu102\3.4\board.xml as part xczu9eg-ffvb1156-2-e specified in board_part file is either invalid or not available
WARNING: [Board 49-26] cannot add Board Part xilinx.com:zcu111:part0:1.2 available at D:/2025.1/data/xhub/boards\XilinxBoardStore\boards\Xilinx\zcu111\1.2\board.xml as part xczu28dr-ffvg1517-2-e specified in board_part file is either invalid or not available
WARNING: [Board 49-26] cannot add Board Part xilinx.com:zcu111:part0:1.3 available at D:/2025.1/data/xhub/boards\XilinxBoardStore\boards\Xilinx\zcu111\1.3\board.xml as part xczu28dr-ffvg1517-2-e specified in board_part file is either invalid or not available
WARNING: [Board 49-26] cannot add Board Part xilinx.com:zcu111:part0:1.4 available at D:/2025.1/data/xhub/boards\XilinxBoardStore\boards\Xilinx\zcu111\1.4\board.xml as part xczu28dr-ffvg1517-2-e specified in board_part file is either invalid or not available
WARNING: [Board 49-26] cannot add Board Part xilinx.com:zcu1275:part0:1.0 available at D:/2025.1/data/xhub/boards\XilinxBoardStore\boards\Xilinx\zcu1275\1.0\board.xml as part xczu29dr-ffvf1760-2-e specified in board_part file is either invalid or not available
WARNING: [Board 49-26] cannot add Board Part xilinx.com:zcu1285:part0:1.0 available at D:/2025.1/data/xhub/boards\XilinxBoardStore\boards\Xilinx\zcu1285\1.0\board.xml as part xczu39dr-ffvf1760-2-i specified in board_part file is either invalid or not available
WARNING: [Board 49-26] cannot add Board Part xilinx.com:zcu208:part0:2.0 available at D:/2025.1/data/xhub/boards\XilinxBoardStore\boards\Xilinx\zcu208\production\2.0\board.xml as part xczu48dr-fsvg1517-2-e specified in board_part file is either invalid or not available
WARNING: [Board 49-26] cannot add Board Part xilinx.com:zcu208ld:part0:2.0 available at D:/2025.1/data/xhub/boards\XilinxBoardStore\boards\Xilinx\zcu208ld\production\2.0\board.xml as part xczu58dr-fsvg1517-2-i specified in board_part file is either invalid or not available
WARNING: [Board 49-26] cannot add Board Part xilinx.com:zcu216:part0:2.0 available at D:/2025.1/data/xhub/boards\XilinxBoardStore\boards\Xilinx\zcu216\production\2.0\board.xml as part xczu49dr-ffvf1760-2-e specified in board_part file is either invalid or not available
WARNING: [Board 49-26] cannot add Board Part xilinx.com:zcu216ld:part0:2.0 available at D:/2025.1/data/xhub/boards\XilinxBoardStore\boards\Xilinx\zcu216ld\production\2.0\board.xml as part xczu59dr-ffvf1760-2-i specified in board_part file is either invalid or not available
WARNING: [Board 49-26] cannot add Board Part xilinx.com:zcu670:part0:2.0 available at D:/2025.1/data/xhub/boards\XilinxBoardStore\boards\Xilinx\zcu670\2.0\board.xml as part xczu67dr-fsve1156-2-i specified in board_part file is either invalid or not available
WARNING: [Board 49-26] cannot add Board Part xilinx.com:zcu670ld:part0:1.0 available at D:/2025.1/data/xhub/boards\XilinxBoardStore\boards\Xilinx\zcu670ld\1.0\board.xml as part xczu57dr-fsve1156-2-i specified in board_part file is either invalid or not available
INFO: [Project 1-313] Project file moved from 'C:/Users/ZENBOOK/Documents/DigitalSystemDesign/Laboratory/FinalProject/project_dsg_hummingbird_eminem' since last save.
INFO: [filemgmt 56-3] Default IP Output Path : Could not find the directory 'C:/Users/fahre/Downloads/Group4FinalProject_DSG-main/Group4FinalProject_DSG-main/project_dsg_hummingbird_eminem/project_dsg_hummingbird_eminem.gen/sources_1'.
WARNING: [filemgmt 56-3] IPUserFilesDir: Could not find the directory 'C:/Users/fahre/Downloads/Group4FinalProject_DSG-main/Group4FinalProject_DSG-main/project_dsg_hummingbird_eminem/project_dsg_hummingbird_eminem.ip_user_files'.
Scanning sources...
Finished scanning sources
WARNING: [Board 49-26] cannot add Board Part xilinx.com:emb-plus-vpr-4616:part0:1.0 available at D:/2025.1/data/xhub/boards\XilinxBoardStore\boards\Xilinx\emb-plus-vpr-4616\1.0\board.xml as part xcve2302-sfva784-2mp-e-s specified in board_part file is either invalid or not available
WARNING: [Board 49-26] cannot add Board Part xilinx.com:emb-plus-vpr-4616:part0:1.1 available at D:/2025.1/data/xhub/boards\XilinxBoardStore\boards\Xilinx\emb-plus-vpr-4616\1.1\board.xml as part xcve2302-sfva784-2mp-e-s specified in board_part file is either invalid or not available
WARNING: [Board 49-26] cannot add Board Part xilinx.com:kcu105:part0:1.6 available at D:/2025.1/data/xhub/boards\XilinxBoardStore\boards\Xilinx\kcu105\1.6\board.xml as part xcku040-ffva1156-2-e specified in board_part file is either invalid or not available
WARNING: [Board 49-26] cannot add Board Part xilinx.com:kcu105:part0:1.7 available at D:/2025.1/data/xhub/boards\XilinxBoardStore\boards\Xilinx\kcu105\1.7\board.xml as part xcku040-ffva1156-2-e specified in board_part file is either invalid or not available
WARNING: [Board 49-26] cannot add Board Part xilinx.com:kcu1500:part0:1.2 available at D:/2025.1/data/xhub/boards\XilinxBoardStore\boards\Xilinx\kcu1500\1.2\board.xml as part xcku115-flvb2104-2-e specified in board_part file is either invalid or not available
WARNING: [Board 49-26] cannot add Board Part xilinx.com:v80:part0:1.0 available at D:/2025.1/data/xhub/boards\XilinxBoardStore\boards\Xilinx\v80\1.0\board.xml as part xcv80-lsva4737-2mhp-e-s specified in board_part file is either invalid or not available
WARNING: [Board 49-26] cannot add Board Part xilinx.com:vck190:part0:2.2 available at D:/2025.1/data/xhub/boards\XilinxBoardStore\boards\Xilinx\vck190\production\2.2\board.xml as part xcvc1902-vsva2197-2mp-e-s specified in board_part file is either invalid or not available
WARNING: [Board 49-26] cannot add Board Part xilinx.com:vck190:part0:3.0 available at D:/2025.1/data/xhub/boards\XilinxBoardStore\boards\Xilinx\vck190\production\3.0\board.xml as part xcvc1902-vsva2197-2mp-e-s specified in board_part file is either invalid or not available
WARNING: [Board 49-26] cannot add Board Part xilinx.com:vck190:part0:3.1 available at D:/2025.1/data/xhub/boards\XilinxBoardStore\boards\Xilinx\vck190\production\3.1\board.xml as part xcvc1902-vsva2197-2mp-e-s specified in board_part file is either invalid or not available
WARNING: [Board 49-26] cannot add Board Part xilinx.com:vck190:part0:3.2 available at D:/2025.1/data/xhub/boards\XilinxBoardStore\boards\Xilinx\vck190\production\3.2\board.xml as part xcvc1902-vsva2197-2mp-e-s specified in board_part file is either invalid or not available
WARNING: [Board 49-26] cannot add Board Part xilinx.com:vck190:part0:3.3 available at D:/2025.1/data/xhub/boards\XilinxBoardStore\boards\Xilinx\vck190\production\3.3\board.xml as part xcvc1902-vsva2197-2mp-e-s specified in board_part file is either invalid or not available
WARNING: [Board 49-26] cannot add Board Part xilinx.com:vck190:part0:3.4 available at D:/2025.1/data/xhub/boards\XilinxBoardStore\boards\Xilinx\vck190\production\3.4\board.xml as part xcvc1902-vsva2197-2mp-e-s specified in board_part file is either invalid or not available
WARNING: [Board 49-26] cannot add Board Part xilinx.com:vck190_newl:part0:1.0 available at D:/2025.1/data/xhub/boards\XilinxBoardStore\boards\Xilinx\vck190_newl\production\1.0\board.xml as part xcvc1902-vsva2197-2mp-e-s specified in board_part file is either invalid or not available
WARNING: [Board 49-26] cannot add Board Part xilinx.com:vck190_newl:part0:1.1 available at D:/2025.1/data/xhub/boards\XilinxBoardStore\boards\Xilinx\vck190_newl\production\1.1\board.xml as part xcvc1902-vsva2197-2mp-e-s specified in board_part file is either invalid or not available
WARNING: [Board 49-26] cannot add Board Part xilinx.com:vck190_newl:part0:1.2 available at D:/2025.1/data/xhub/boards\XilinxBoardStore\boards\Xilinx\vck190_newl\production\1.2\board.xml as part xcvc1902-vsva2197-2mp-e-s specified in board_part file is either invalid or not available
WARNING: [Board 49-26] cannot add Board Part xilinx.com:vck190_newl:part0:1.3 available at D:/2025.1/data/xhub/boards\XilinxBoardStore\boards\Xilinx\vck190_newl\production\1.3\board.xml as part xcvc1902-vsva2197-2mp-e-s specified in board_part file is either invalid or not available
WARNING: [Board 49-26] cannot add Board Part xilinx.com:vcu108:part0:1.6 available at D:/2025.1/data/xhub/boards\XilinxBoardStore\boards\Xilinx\vcu108\1.6\board.xml as part xcvu095-ffva2104-2-e specified in board_part file is either invalid or not available
WARNING: [Board 49-26] cannot add Board Part xilinx.com:vcu108:part0:1.7 available at D:/2025.1/data/xhub/boards\XilinxBoardStore\boards\Xilinx\vcu108\1.7\board.xml as part xcvu095-ffva2104-2-e specified in board_part file is either invalid or not available
WARNING: [Board 49-26] cannot add Board Part xilinx.com:vcu110:part0:1.4 available at D:/2025.1/data/xhub/boards\XilinxBoardStore\boards\Xilinx\vcu110\1.4\board.xml as part xcvu190-flgc2104-2-e specified in board_part file is either invalid or not available
WARNING: [Board 49-26] cannot add Board Part xilinx.com:vcu118:part0:2.0 available at D:/2025.1/data/xhub/boards\XilinxBoardStore\boards\Xilinx\vcu118\2.0\board.xml as part xcvu9p-flga2104-2l-e specified in board_part file is either invalid or not available
WARNING: [Board 49-26] cannot add Board Part xilinx.com:vcu118:part0:2.3 available at D:/2025.1/data/xhub/boards\XilinxBoardStore\boards\Xilinx\vcu118\2.3\board.xml as part xcvu9p-flga2104-2l-e specified in board_part file is either invalid or not available
WARNING: [Board 49-26] cannot add Board Part xilinx.com:vcu118:part0:2.4 available at D:/2025.1/data/xhub/boards\XilinxBoardStore\boards\Xilinx\vcu118\2.4\board.xml as part xcvu9p-flga2104-2l-e specified in board_part file is either invalid or not available
WARNING: [Board 49-26] cannot add Board Part xilinx.com:vcu128:part0:1.0 available at D:/2025.1/data/xhub/boards\XilinxBoardStore\boards\Xilinx\vcu128\production\1.0\board.xml as part xcvu37p-fsvh2892-2l-e specified in board_part file is either invalid or not available
WARNING: [Board 49-26] cannot add Board Part xilinx.com:vcu129:part0:1.0 available at D:/2025.1/data/xhub/boards\XilinxBoardStore\boards\Xilinx\vcu129\production\1.0\board.xml as part xcvu29p-fsga2577-2l-e specified in board_part file is either invalid or not available
WARNING: [Board 49-26] cannot add Board Part xilinx.com:vcu1525:part0:1.3 available at D:/2025.1/data/xhub/boards\XilinxBoardStore\boards\Xilinx\vcu1525\1.3\board.xml as part xcvu9p-fsgd2104-2l-e specified in board_part file is either invalid or not available
WARNING: [Board 49-26] cannot add Board Part xilinx.com:vek280:part0:1.0 available at D:/2025.1/data/xhub/boards\XilinxBoardStore\boards\Xilinx\vek280\production\1.0\board.xml as part xcve2802-vsvh1760-2mp-e-s specified in board_part file is either invalid or not available
WARNING: [Board 49-26] cannot add Board Part xilinx.com:vek280:part0:1.1 available at D:/2025.1/data/xhub/boards\XilinxBoardStore\boards\Xilinx\vek280\production\1.1\board.xml as part xcve2802-vsvh1760-2mp-e-s specified in board_part file is either invalid or not available
WARNING: [Board 49-26] cannot add Board Part xilinx.com:vek280:part0:1.2 available at D:/2025.1/data/xhub/boards\XilinxBoardStore\boards\Xilinx\vek280\production\1.2\board.xml as part xcve2802-vsvh1760-2mp-e-s specified in board_part file is either invalid or not available
WARNING: [Board 49-26] cannot add Board Part xilinx.com:vek385:part0:1.0 available at D:/2025.1/data/xhub/boards\XilinxBoardStore\boards\Xilinx\vek385\1.0\board.xml as part xc2ve3858-ssva2112-2mp-e-s specified in board_part file is either invalid or not available
WARNING: [Board 49-26] cannot add Board Part xilinx.com:vermeo_t1_mpsoc:part0:1.0 available at D:/2025.1/data/xhub/boards\XilinxBoardStore\boards\Xilinx\vermeo_t1_mpsoc\1.0\board.xml as part xczu19eg-ffvd1760-2l-e specified in board_part file is either invalid or not available
WARNING: [Board 49-26] cannot add Board Part xilinx.com:vermeo_t1_rfsoc:part0:1.0 available at D:/2025.1/data/xhub/boards\XilinxBoardStore\boards\Xilinx\vermeo_t1_rfsoc\1.0\board.xml as part xczu21dr-ffvd1156-2l-e specified in board_part file is either invalid or not available
WARNING: [Board 49-26] cannot add Board Part xilinx.com:vhk158:part0:1.0 available at D:/2025.1/data/xhub/boards\XilinxBoardStore\boards\Xilinx\vhk158\production\1.0\board.xml as part xcvh1582-vsva3697-2mp-e-s specified in board_part file is either invalid or not available
WARNING: [Board 49-26] cannot add Board Part xilinx.com:vhk158:part0:1.1 available at D:/2025.1/data/xhub/boards\XilinxBoardStore\boards\Xilinx\vhk158\production\1.1\board.xml as part xcvh1582-vsva3697-2mp-e-s specified in board_part file is either invalid or not available
WARNING: [Board 49-26] cannot add Board Part xilinx.com:vhk158:part0:1.2 available at D:/2025.1/data/xhub/boards\XilinxBoardStore\boards\Xilinx\vhk158\production\1.2\board.xml as part xcvh1582-vsva3697-2mp-e-s specified in board_part file is either invalid or not available
WARNING: [Board 49-26] cannot add Board Part xilinx.com:vmk180:part0:2.2 available at D:/2025.1/data/xhub/boards\XilinxBoardStore\boards\Xilinx\vmk180\production\2.2\board.xml as part xcvm1802-vsva2197-2mp-e-s specified in board_part file is either invalid or not available
WARNING: [Board 49-26] cannot add Board Part xilinx.com:vmk180:part0:3.0 available at D:/2025.1/data/xhub/boards\XilinxBoardStore\boards\Xilinx\vmk180\production\3.0\board.xml as part xcvm1802-vsva2197-2mp-e-s specified in board_part file is either invalid or not available
WARNING: [Board 49-26] cannot add Board Part xilinx.com:vmk180:part0:3.1 available at D:/2025.1/data/xhub/boards\XilinxBoardStore\boards\Xilinx\vmk180\production\3.1\board.xml as part xcvm1802-vsva2197-2mp-e-s specified in board_part file is either invalid or not available
WARNING: [Board 49-26] cannot add Board Part xilinx.com:vmk180:part0:3.2 available at D:/2025.1/data/xhub/boards\XilinxBoardStore\boards\Xilinx\vmk180\production\3.2\board.xml as part xcvm1802-vsva2197-2mp-e-s specified in board_part file is either invalid or not available
WARNING: [Board 49-26] cannot add Board Part xilinx.com:vmk180:part0:3.3 available at D:/2025.1/data/xhub/boards\XilinxBoardStore\boards\Xilinx\vmk180\production\3.3\board.xml as part xcvm1802-vsva2197-2mp-e-s specified in board_part file is either invalid or not available
WARNING: [Board 49-26] cannot add Board Part xilinx.com:vmk180_newl:part0:1.0 available at D:/2025.1/data/xhub/boards\XilinxBoardStore\boards\Xilinx\vmk180_newl\production\1.0\board.xml as part xcvm1802-vsva2197-2mp-e-s specified in board_part file is either invalid or not available
INFO: [Common 17-14] Message 'Board 49-26' appears 100 times and further instances of the messages will be disabled. Use the Tcl command set_msg_config to change the current settings.
WARNING: [Project 1-5713] Board part '' set for the project  is not found. BoardPart property will be unset. Please select board from latest repo build 
INFO: [IP_Flow 19-234] Refreshing IP repositories
INFO: [IP_Flow 19-1704] No user IP repositories specified
INFO: [IP_Flow 19-2313] Loaded Vivado IP repository 'D:/2025.1/Vivado/data/ip'.
open_project: Time (s): cpu = 00:00:21 ; elapsed = 00:00:09 . Memory (MB): peak = 1632.254 ; gain = 173.449
add_files -norecurse {{C:/Fahreza/Kampus/Semester 3/Digital System Design/Lab/Final Project/StateCore.vhd} {C:/Fahreza/Kampus/Semester 3/Digital System Design/Lab/Final Project/KeyScheduler.vhd} {C:/Fahreza/Kampus/Semester 3/Digital System Design/Lab/Final Project/LFSR16.vhd} {C:/Fahreza/Kampus/Semester 3/Digital System Design/Lab/Final Project/StateRegisterBank.vhd}}
update_compile_order -fileset sources_1
update_compile_order -fileset sources_1
export_ip_user_files -of_objects  [get_files {{C:/Fahreza/Kampus/Semester 3/Digital System Design/Lab/Final Project/StateCore.vhd}}] -no_script -reset -force -quiet
remove_files  {{C:/Fahreza/Kampus/Semester 3/Digital System Design/Lab/Final Project/StateCore.vhd}}
update_compile_order -fileset sources_1
export_ip_user_files -of_objects  [get_files {{C:/Fahreza/Kampus/Semester 3/Digital System Design/Lab/Final Project/KeyScheduler.vhd}}] -no_script -reset -force -quiet
remove_files  {{C:/Fahreza/Kampus/Semester 3/Digital System Design/Lab/Final Project/KeyScheduler.vhd}}
update_compile_order -fileset sources_1
export_ip_user_files -of_objects  [get_files {{C:/Fahreza/Kampus/Semester 3/Digital System Design/Lab/Final Project/LFSR16.vhd}}] -no_script -reset -force -quiet
remove_files  {{C:/Fahreza/Kampus/Semester 3/Digital System Design/Lab/Final Project/LFSR16.vhd}}
export_ip_user_files -of_objects  [get_files {{C:/Fahreza/Kampus/Semester 3/Digital System Design/Lab/Final Project/StateRegisterBank.vhd}}] -no_script -reset -force -quiet
remove_files  {{C:/Fahreza/Kampus/Semester 3/Digital System Design/Lab/Final Project/StateRegisterBank.vhd}}
file mkdir C:/Users/fahre/Downloads/Group4FinalProject_DSG-main/Group4FinalProject_DSG-main/project_dsg_hummingbird_eminem/project_dsg_hummingbird_eminem.srcs/sources_1/new
close [ open C:/Users/fahre/Downloads/Group4FinalProject_DSG-main/Group4FinalProject_DSG-main/project_dsg_hummingbird_eminem/project_dsg_hummingbird_eminem.srcs/sources_1/new/KeyScheduler.v w ]
add_files C:/Users/fahre/Downloads/Group4FinalProject_DSG-main/Group4FinalProject_DSG-main/project_dsg_hummingbird_eminem/project_dsg_hummingbird_eminem.srcs/sources_1/new/KeyScheduler.v
set_property target_language VHDL [current_project]
update_compile_order -fileset sources_1
close [ open C:/Users/fahre/Downloads/Group4FinalProject_DSG-main/Group4FinalProject_DSG-main/project_dsg_hummingbird_eminem/project_dsg_hummingbird_eminem.srcs/sources_1/new/KeyScheduler.vhd w ]
add_files C:/Users/fahre/Downloads/Group4FinalProject_DSG-main/Group4FinalProject_DSG-main/project_dsg_hummingbird_eminem/project_dsg_hummingbird_eminem.srcs/sources_1/new/KeyScheduler.vhd
export_ip_user_files -of_objects  [get_files C:/Users/fahre/Downloads/Group4FinalProject_DSG-main/Group4FinalProject_DSG-main/project_dsg_hummingbird_eminem/project_dsg_hummingbird_eminem.srcs/sources_1/new/KeyScheduler.v] -no_script -reset -force -quiet
remove_files  C:/Users/fahre/Downloads/Group4FinalProject_DSG-main/Group4FinalProject_DSG-main/project_dsg_hummingbird_eminem/project_dsg_hummingbird_eminem.srcs/sources_1/new/KeyScheduler.v
close [ open C:/Users/fahre/Downloads/Group4FinalProject_DSG-main/Group4FinalProject_DSG-main/project_dsg_hummingbird_eminem/project_dsg_hummingbird_eminem.srcs/sources_1/new/LFSR16.vhd w ]
add_files C:/Users/fahre/Downloads/Group4FinalProject_DSG-main/Group4FinalProject_DSG-main/project_dsg_hummingbird_eminem/project_dsg_hummingbird_eminem.srcs/sources_1/new/LFSR16.vhd
update_compile_order -fileset sources_1
close [ open C:/Users/fahre/Downloads/Group4FinalProject_DSG-main/Group4FinalProject_DSG-main/project_dsg_hummingbird_eminem/project_dsg_hummingbird_eminem.srcs/sources_1/new/StateRegisterBank.vhd w ]
add_files C:/Users/fahre/Downloads/Group4FinalProject_DSG-main/Group4FinalProject_DSG-main/project_dsg_hummingbird_eminem/project_dsg_hummingbird_eminem.srcs/sources_1/new/StateRegisterBank.vhd
WARNING: [filemgmt 56-199] Attempt to get parsing info during refresh. "On-the-fly" syntax checking information may be incorrect. [C:\Users\fahre\Downloads\Group4FinalProject_DSG-main\Group4FinalProject_DSG-main\project_dsg_hummingbird_eminem\project_dsg_hummingbird_eminem.srcs\sources_1\new\KeyScheduler.vhd:]
WARNING: [filemgmt 56-199] Attempt to get parsing info during refresh. "On-the-fly" syntax checking information may be incorrect. [C:\Users\fahre\Downloads\Group4FinalProject_DSG-main\Group4FinalProject_DSG-main\project_dsg_hummingbird_eminem\project_dsg_hummingbird_eminem.srcs\sources_1\new\LFSR16.vhd:]
WARNING: [filemgmt 56-199] Attempt to get parsing info during refresh. "On-the-fly" syntax checking information may be incorrect. [C:\Fahreza\Kampus\Semester 3\Digital System Design\Lab\Final Project\StateCore.vhd:]
WARNING: [filemgmt 56-199] Attempt to get parsing info during refresh. "On-the-fly" syntax checking information may be incorrect. [C:\Users\fahre\Downloads\Group4FinalProject_DSG-main\Group4FinalProject_DSG-main\project_dsg_hummingbird_eminem\project_dsg_hummingbird_eminem.srcs\sources_1\new\KeyScheduler.vhd:]
WARNING: [filemgmt 56-199] Attempt to get parsing info during refresh. "On-the-fly" syntax checking information may be incorrect. [C:\Users\fahre\Downloads\Group4FinalProject_DSG-main\Group4FinalProject_DSG-main\project_dsg_hummingbird_eminem\project_dsg_hummingbird_eminem.srcs\sources_1\new\KeyScheduler.vhd:]
update_compile_order -fileset sources_1
WARNING: [filemgmt 56-199] Attempt to get parsing info during refresh. "On-the-fly" syntax checking information may be incorrect. [C:\Users\fahre\Downloads\Group4FinalProject_DSG-main\Group4FinalProject_DSG-main\project_dsg_hummingbird_eminem\project_dsg_hummingbird_eminem.srcs\sources_1\new\KeyScheduler.vhd:]
WARNING: [filemgmt 56-199] Attempt to get parsing info during refresh. "On-the-fly" syntax checking information may be incorrect. [C:\Users\fahre\Downloads\Group4FinalProject_DSG-main\Group4FinalProject_DSG-main\project_dsg_hummingbird_eminem\project_dsg_hummingbird_eminem.srcs\sources_1\new\LFSR16.vhd:]
WARNING: [filemgmt 56-199] Attempt to get parsing info during refresh. "On-the-fly" syntax checking information may be incorrect. [C:\Fahreza\Kampus\Semester 3\Digital System Design\Lab\Final Project\StateCore.vhd:]
WARNING: [filemgmt 56-199] Attempt to get parsing info during refresh. "On-the-fly" syntax checking information may be incorrect. [C:\Users\fahre\Downloads\Group4FinalProject_DSG-main\Group4FinalProject_DSG-main\project_dsg_hummingbird_eminem\project_dsg_hummingbird_eminem.srcs\sources_1\new\StateRegisterBank.vhd:]
WARNING: [filemgmt 56-199] Attempt to get parsing info during refresh. "On-the-fly" syntax checking information may be incorrect. [C:\Users\fahre\Downloads\Group4FinalProject_DSG-main\Group4FinalProject_DSG-main\project_dsg_hummingbird_eminem\project_dsg_hummingbird_eminem.srcs\sources_1\new\LFSR16.vhd:]
WARNING: [filemgmt 56-199] Attempt to get parsing info during refresh. "On-the-fly" syntax checking information may be incorrect. [C:\Users\fahre\Downloads\Group4FinalProject_DSG-main\Group4FinalProject_DSG-main\project_dsg_hummingbird_eminem\project_dsg_hummingbird_eminem.srcs\sources_1\new\LFSR16.vhd:]
close [ open C:/Users/fahre/Downloads/Group4FinalProject_DSG-main/Group4FinalProject_DSG-main/project_dsg_hummingbird_eminem/project_dsg_hummingbird_eminem.srcs/sources_1/new/StateCore.vhd w ]
add_files C:/Users/fahre/Downloads/Group4FinalProject_DSG-main/Group4FinalProject_DSG-main/project_dsg_hummingbird_eminem/project_dsg_hummingbird_eminem.srcs/sources_1/new/StateCore.vhd
WARNING: [filemgmt 56-199] Attempt to get parsing info during refresh. "On-the-fly" syntax checking information may be incorrect. [C:\Users\fahre\Downloads\Group4FinalProject_DSG-main\Group4FinalProject_DSG-main\project_dsg_hummingbird_eminem\project_dsg_hummingbird_eminem.srcs\sources_1\new\KeyScheduler.vhd:]
WARNING: [filemgmt 56-199] Attempt to get parsing info during refresh. "On-the-fly" syntax checking information may be incorrect. [C:\Users\fahre\Downloads\Group4FinalProject_DSG-main\Group4FinalProject_DSG-main\project_dsg_hummingbird_eminem\project_dsg_hummingbird_eminem.srcs\sources_1\new\LFSR16.vhd:]
WARNING: [filemgmt 56-199] Attempt to get parsing info during refresh. "On-the-fly" syntax checking information may be incorrect. [C:\Fahreza\Kampus\Semester 3\Digital System Design\Lab\Final Project\StateCore.vhd:]
WARNING: [filemgmt 56-199] Attempt to get parsing info during refresh. "On-the-fly" syntax checking information may be incorrect. [C:\Users\fahre\Downloads\Group4FinalProject_DSG-main\Group4FinalProject_DSG-main\project_dsg_hummingbird_eminem\project_dsg_hummingbird_eminem.srcs\sources_1\new\StateRegisterBank.vhd:]
WARNING: [filemgmt 56-199] Attempt to get parsing info during refresh. "On-the-fly" syntax checking information may be incorrect. [C:\Users\fahre\Downloads\Group4FinalProject_DSG-main\Group4FinalProject_DSG-main\project_dsg_hummingbird_eminem\project_dsg_hummingbird_eminem.srcs\sources_1\new\LFSR16.vhd:]
WARNING: [filemgmt 56-199] Attempt to get parsing info during refresh. "On-the-fly" syntax checking information may be incorrect. [C:\Users\fahre\Downloads\Group4FinalProject_DSG-main\Group4FinalProject_DSG-main\project_dsg_hummingbird_eminem\project_dsg_hummingbird_eminem.srcs\sources_1\new\LFSR16.vhd:]
WARNING: [filemgmt 56-199] Attempt to get parsing info during refresh. "On-the-fly" syntax checking information may be incorrect. [C:\Users\fahre\Downloads\Group4FinalProject_DSG-main\Group4FinalProject_DSG-main\project_dsg_hummingbird_eminem\project_dsg_hummingbird_eminem.srcs\sources_1\new\KeyScheduler.vhd:]
WARNING: [filemgmt 56-199] Attempt to get parsing info during refresh. "On-the-fly" syntax checking information may be incorrect. [C:\Users\fahre\Downloads\Group4FinalProject_DSG-main\Group4FinalProject_DSG-main\project_dsg_hummingbird_eminem\project_dsg_hummingbird_eminem.srcs\sources_1\new\LFSR16.vhd:]
WARNING: [filemgmt 56-199] Attempt to get parsing info during refresh. "On-the-fly" syntax checking information may be incorrect. [C:\Fahreza\Kampus\Semester 3\Digital System Design\Lab\Final Project\StateCore.vhd:]
WARNING: [filemgmt 56-199] Attempt to get parsing info during refresh. "On-the-fly" syntax checking information may be incorrect. [C:\Users\fahre\Downloads\Group4FinalProject_DSG-main\Group4FinalProject_DSG-main\project_dsg_hummingbird_eminem\project_dsg_hummingbird_eminem.srcs\sources_1\new\StateRegisterBank.vhd:]
WARNING: [filemgmt 56-199] Attempt to get parsing info during refresh. "On-the-fly" syntax checking information may be incorrect. [C:\Users\fahre\Downloads\Group4FinalProject_DSG-main\Group4FinalProject_DSG-main\project_dsg_hummingbird_eminem\project_dsg_hummingbird_eminem.srcs\sources_1\new\StateRegisterBank.vhd:]
WARNING: [filemgmt 56-199] Attempt to get parsing info during refresh. "On-the-fly" syntax checking information may be incorrect. [C:\Users\fahre\Downloads\Group4FinalProject_DSG-main\Group4FinalProject_DSG-main\project_dsg_hummingbird_eminem\project_dsg_hummingbird_eminem.srcs\sources_1\new\StateRegisterBank.vhd:]
WARNING: [filemgmt 56-199] Attempt to get parsing info during refresh. "On-the-fly" syntax checking information may be incorrect. [C:\Users\fahre\Downloads\Group4FinalProject_DSG-main\Group4FinalProject_DSG-main\project_dsg_hummingbird_eminem\project_dsg_hummingbird_eminem.srcs\sources_1\new\KeyScheduler.vhd:]
WARNING: [filemgmt 56-199] Attempt to get parsing info during refresh. "On-the-fly" syntax checking information may be incorrect. [C:\Users\fahre\Downloads\Group4FinalProject_DSG-main\Group4FinalProject_DSG-main\project_dsg_hummingbird_eminem\project_dsg_hummingbird_eminem.srcs\sources_1\new\LFSR16.vhd:]
WARNING: [filemgmt 56-199] Attempt to get parsing info during refresh. "On-the-fly" syntax checking information may be incorrect. [C:\Fahreza\Kampus\Semester 3\Digital System Design\Lab\Final Project\StateCore.vhd:]
WARNING: [filemgmt 56-199] Attempt to get parsing info during refresh. "On-the-fly" syntax checking information may be incorrect. [C:\Users\fahre\Downloads\Group4FinalProject_DSG-main\Group4FinalProject_DSG-main\project_dsg_hummingbird_eminem\project_dsg_hummingbird_eminem.srcs\sources_1\new\StateRegisterBank.vhd:]
WARNING: [filemgmt 56-199] Attempt to get parsing info during refresh. "On-the-fly" syntax checking information may be incorrect. [C:\Users\fahre\Downloads\Group4FinalProject_DSG-main\Group4FinalProject_DSG-main\project_dsg_hummingbird_eminem\project_dsg_hummingbird_eminem.srcs\sources_1\new\KeyScheduler.vhd:]
WARNING: [filemgmt 56-199] Attempt to get parsing info during refresh. "On-the-fly" syntax checking information may be incorrect. [C:\Users\fahre\Downloads\Group4FinalProject_DSG-main\Group4FinalProject_DSG-main\project_dsg_hummingbird_eminem\project_dsg_hummingbird_eminem.srcs\sources_1\new\KeyScheduler.vhd:]
WARNING: [filemgmt 56-199] Attempt to get parsing info during refresh. "On-the-fly" syntax checking information may be incorrect. [C:\Users\fahre\Downloads\Group4FinalProject_DSG-main\Group4FinalProject_DSG-main\project_dsg_hummingbird_eminem\project_dsg_hummingbird_eminem.srcs\sources_1\new\KeyScheduler.vhd:]
WARNING: [filemgmt 56-199] Attempt to get parsing info during refresh. "On-the-fly" syntax checking information may be incorrect. [C:\Users\fahre\Downloads\Group4FinalProject_DSG-main\Group4FinalProject_DSG-main\project_dsg_hummingbird_eminem\project_dsg_hummingbird_eminem.srcs\sources_1\new\LFSR16.vhd:]
WARNING: [filemgmt 56-199] Attempt to get parsing info during refresh. "On-the-fly" syntax checking information may be incorrect. [C:\Fahreza\Kampus\Semester 3\Digital System Design\Lab\Final Project\StateCore.vhd:]
WARNING: [filemgmt 56-199] Attempt to get parsing info during refresh. "On-the-fly" syntax checking information may be incorrect. [C:\Users\fahre\Downloads\Group4FinalProject_DSG-main\Group4FinalProject_DSG-main\project_dsg_hummingbird_eminem\project_dsg_hummingbird_eminem.srcs\sources_1\new\StateRegisterBank.vhd:]
WARNING: [filemgmt 56-199] Attempt to get parsing info during refresh. "On-the-fly" syntax checking information may be incorrect. [C:\Users\fahre\Downloads\Group4FinalProject_DSG-main\Group4FinalProject_DSG-main\project_dsg_hummingbird_eminem\project_dsg_hummingbird_eminem.srcs\sources_1\new\StateRegisterBank.vhd:]
WARNING: [filemgmt 56-199] Attempt to get parsing info during refresh. "On-the-fly" syntax checking information may be incorrect. [C:\Users\fahre\Downloads\Group4FinalProject_DSG-main\Group4FinalProject_DSG-main\project_dsg_hummingbird_eminem\project_dsg_hummingbird_eminem.srcs\sources_1\new\StateRegisterBank.vhd:]
update_compile_order -fileset sources_1
WARNING: [filemgmt 56-199] Attempt to get parsing info during refresh. "On-the-fly" syntax checking information may be incorrect. [C:\Users\fahre\Downloads\Group4FinalProject_DSG-main\Group4FinalProject_DSG-main\project_dsg_hummingbird_eminem\project_dsg_hummingbird_eminem.srcs\sources_1\new\KeyScheduler.vhd:]
WARNING: [filemgmt 56-199] Attempt to get parsing info during refresh. "On-the-fly" syntax checking information may be incorrect. [C:\Users\fahre\Downloads\Group4FinalProject_DSG-main\Group4FinalProject_DSG-main\project_dsg_hummingbird_eminem\project_dsg_hummingbird_eminem.srcs\sources_1\new\LFSR16.vhd:]
WARNING: [filemgmt 56-199] Attempt to get parsing info during refresh. "On-the-fly" syntax checking information may be incorrect. [C:\Fahreza\Kampus\Semester 3\Digital System Design\Lab\Final Project\StateCore.vhd:]
WARNING: [filemgmt 56-199] Attempt to get parsing info during refresh. "On-the-fly" syntax checking information may be incorrect. [C:\Users\fahre\Downloads\Group4FinalProject_DSG-main\Group4FinalProject_DSG-main\project_dsg_hummingbird_eminem\project_dsg_hummingbird_eminem.srcs\sources_1\new\StateRegisterBank.vhd:]
WARNING: [filemgmt 56-199] Attempt to get parsing info during refresh. "On-the-fly" syntax checking information may be incorrect. [C:\Users\fahre\Downloads\Group4FinalProject_DSG-main\Group4FinalProject_DSG-main\project_dsg_hummingbird_eminem\project_dsg_hummingbird_eminem.srcs\sources_1\new\StateRegisterBank.vhd:]
WARNING: [filemgmt 56-199] Attempt to get parsing info during refresh. "On-the-fly" syntax checking information may be incorrect. [C:\Users\fahre\Downloads\Group4FinalProject_DSG-main\Group4FinalProject_DSG-main\project_dsg_hummingbird_eminem\project_dsg_hummingbird_eminem.srcs\sources_1\new\StateRegisterBank.vhd:]
WARNING: [filemgmt 56-199] Attempt to get parsing info during refresh. "On-the-fly" syntax checking information may be incorrect. [C:\Users\fahre\Downloads\Group4FinalProject_DSG-main\Group4FinalProject_DSG-main\project_dsg_hummingbird_eminem\project_dsg_hummingbird_eminem.srcs\sources_1\new\KeyScheduler.vhd:]
WARNING: [filemgmt 56-199] Attempt to get parsing info during refresh. "On-the-fly" syntax checking information may be incorrect. [C:\Users\fahre\Downloads\Group4FinalProject_DSG-main\Group4FinalProject_DSG-main\project_dsg_hummingbird_eminem\project_dsg_hummingbird_eminem.srcs\sources_1\new\LFSR16.vhd:]
WARNING: [filemgmt 56-199] Attempt to get parsing info during refresh. "On-the-fly" syntax checking information may be incorrect. [C:\Fahreza\Kampus\Semester 3\Digital System Design\Lab\Final Project\StateCore.vhd:]
WARNING: [filemgmt 56-199] Attempt to get parsing info during refresh. "On-the-fly" syntax checking information may be incorrect. [C:\Users\fahre\Downloads\Group4FinalProject_DSG-main\Group4FinalProject_DSG-main\project_dsg_hummingbird_eminem\project_dsg_hummingbird_eminem.srcs\sources_1\new\StateRegisterBank.vhd:]
WARNING: [filemgmt 56-199] Attempt to get parsing info during refresh. "On-the-fly" syntax checking information may be incorrect. [C:\Users\fahre\Downloads\Group4FinalProject_DSG-main\Group4FinalProject_DSG-main\project_dsg_hummingbird_eminem\project_dsg_hummingbird_eminem.srcs\sources_1\new\StateCore.vhd:]
WARNING: [filemgmt 56-199] Attempt to get parsing info during refresh. "On-the-fly" syntax checking information may be incorrect. [C:\Users\fahre\Downloads\Group4FinalProject_DSG-main\Group4FinalProject_DSG-main\project_dsg_hummingbird_eminem\project_dsg_hummingbird_eminem.srcs\sources_1\new\StateCore.vhd:]
WARNING: [filemgmt 56-199] Attempt to get parsing info during refresh. "On-the-fly" syntax checking information may be incorrect. [C:\Users\fahre\Downloads\Group4FinalProject_DSG-main\Group4FinalProject_DSG-main\project_dsg_hummingbird_eminem\project_dsg_hummingbird_eminem.srcs\sources_1\new\StateCore.vhd:]
WARNING: [filemgmt 56-199] Attempt to get parsing info during refresh. "On-the-fly" syntax checking information may be incorrect. [C:\Users\fahre\Downloads\Group4FinalProject_DSG-main\Group4FinalProject_DSG-main\project_dsg_hummingbird_eminem\project_dsg_hummingbird_eminem.srcs\sources_1\new\KeyScheduler.vhd:]
WARNING: [filemgmt 56-199] Attempt to get parsing info during refresh. "On-the-fly" syntax checking information may be incorrect. [C:\Users\fahre\Downloads\Group4FinalProject_DSG-main\Group4FinalProject_DSG-main\project_dsg_hummingbird_eminem\project_dsg_hummingbird_eminem.srcs\sources_1\new\LFSR16.vhd:]
WARNING: [filemgmt 56-199] Attempt to get parsing info during refresh. "On-the-fly" syntax checking information may be incorrect. [C:\Fahreza\Kampus\Semester 3\Digital System Design\Lab\Final Project\StateCore.vhd:]
WARNING: [filemgmt 56-199] Attempt to get parsing info during refresh. "On-the-fly" syntax checking information may be incorrect. [C:\Users\fahre\Downloads\Group4FinalProject_DSG-main\Group4FinalProject_DSG-main\project_dsg_hummingbird_eminem\project_dsg_hummingbird_eminem.srcs\sources_1\new\StateRegisterBank.vhd:]
WARNING: [filemgmt 56-199] Attempt to get parsing info during refresh. "On-the-fly" syntax checking information may be incorrect. [C:\Users\fahre\Downloads\Group4FinalProject_DSG-main\Group4FinalProject_DSG-main\project_dsg_hummingbird_eminem\project_dsg_hummingbird_eminem.srcs\sources_1\new\StateCore.vhd:]
WARNING: [filemgmt 56-199] Attempt to get parsing info during refresh. "On-the-fly" syntax checking information may be incorrect. [C:\Users\fahre\Downloads\Group4FinalProject_DSG-main\Group4FinalProject_DSG-main\project_dsg_hummingbird_eminem\project_dsg_hummingbird_eminem.srcs\sources_1\new\LFSR16.vhd:]
WARNING: [filemgmt 56-199] Attempt to get parsing info during refresh. "On-the-fly" syntax checking information may be incorrect. [C:\Users\fahre\Downloads\Group4FinalProject_DSG-main\Group4FinalProject_DSG-main\project_dsg_hummingbird_eminem\project_dsg_hummingbird_eminem.srcs\sources_1\new\LFSR16.vhd:]
WARNING: [filemgmt 56-199] Attempt to get parsing info during refresh. "On-the-fly" syntax checking information may be incorrect. [C:\Users\fahre\Downloads\Group4FinalProject_DSG-main\Group4FinalProject_DSG-main\project_dsg_hummingbird_eminem\project_dsg_hummingbird_eminem.srcs\sources_1\new\KeyScheduler.vhd:]
WARNING: [filemgmt 56-199] Attempt to get parsing info during refresh. "On-the-fly" syntax checking information may be incorrect. [C:\Users\fahre\Downloads\Group4FinalProject_DSG-main\Group4FinalProject_DSG-main\project_dsg_hummingbird_eminem\project_dsg_hummingbird_eminem.srcs\sources_1\new\LFSR16.vhd:]
WARNING: [filemgmt 56-199] Attempt to get parsing info during refresh. "On-the-fly" syntax checking information may be incorrect. [C:\Fahreza\Kampus\Semester 3\Digital System Design\Lab\Final Project\StateCore.vhd:]
WARNING: [filemgmt 56-199] Attempt to get parsing info during refresh. "On-the-fly" syntax checking information may be incorrect. [C:\Users\fahre\Downloads\Group4FinalProject_DSG-main\Group4FinalProject_DSG-main\project_dsg_hummingbird_eminem\project_dsg_hummingbird_eminem.srcs\sources_1\new\StateRegisterBank.vhd:]
WARNING: [filemgmt 56-199] Attempt to get parsing info during refresh. "On-the-fly" syntax checking information may be incorrect. [C:\Users\fahre\Downloads\Group4FinalProject_DSG-main\Group4FinalProject_DSG-main\project_dsg_hummingbird_eminem\project_dsg_hummingbird_eminem.srcs\sources_1\new\StateCore.vhd:]
WARNING: [filemgmt 56-199] Attempt to get parsing info during refresh. "On-the-fly" syntax checking information may be incorrect. [C:\Users\fahre\Downloads\Group4FinalProject_DSG-main\Group4FinalProject_DSG-main\project_dsg_hummingbird_eminem\project_dsg_hummingbird_eminem.srcs\sources_1\new\StateCore.vhd:]
WARNING: [filemgmt 56-199] Attempt to get parsing info during refresh. "On-the-fly" syntax checking information may be incorrect. [C:\Users\fahre\Downloads\Group4FinalProject_DSG-main\Group4FinalProject_DSG-main\project_dsg_hummingbird_eminem\project_dsg_hummingbird_eminem.srcs\sources_1\new\StateCore.vhd:]
ERROR: [Common 17-180] Spawn failed: The operation completed successfully.

update_compile_order -fileset sources_1
file mkdir C:/Users/fahre/Downloads/Group4FinalProject_DSG-main/Group4FinalProject_DSG-main/project_dsg_hummingbird_eminem/project_dsg_hummingbird_eminem.srcs/sim_1/new
set_property SOURCE_SET sources_1 [get_filesets sim_1]
close [ open C:/Users/fahre/Downloads/Group4FinalProject_DSG-main/Group4FinalProject_DSG-main/project_dsg_hummingbird_eminem/project_dsg_hummingbird_eminem.srcs/sim_1/new/tb_StateCore.vhd w ]
add_files -fileset sim_1 C:/Users/fahre/Downloads/Group4FinalProject_DSG-main/Group4FinalProject_DSG-main/project_dsg_hummingbird_eminem/project_dsg_hummingbird_eminem.srcs/sim_1/new/tb_StateCore.vhd
WARNING: [filemgmt 56-199] Attempt to get parsing info during refresh. "On-the-fly" syntax checking information may be incorrect. [C:\Users\fahre\Downloads\Group4FinalProject_DSG-main\Group4FinalProject_DSG-main\project_dsg_hummingbird_eminem\project_dsg_hummingbird_eminem.srcs\sources_1\new\KeyScheduler.vhd:]
WARNING: [filemgmt 56-199] Attempt to get parsing info during refresh. "On-the-fly" syntax checking information may be incorrect. [C:\Users\fahre\Downloads\Group4FinalProject_DSG-main\Group4FinalProject_DSG-main\project_dsg_hummingbird_eminem\project_dsg_hummingbird_eminem.srcs\sources_1\new\LFSR16.vhd:]
WARNING: [filemgmt 56-199] Attempt to get parsing info during refresh. "On-the-fly" syntax checking information may be incorrect. [C:\Fahreza\Kampus\Semester 3\Digital System Design\Lab\Final Project\StateCore.vhd:]
WARNING: [filemgmt 56-199] Attempt to get parsing info during refresh. "On-the-fly" syntax checking information may be incorrect. [C:\Users\fahre\Downloads\Group4FinalProject_DSG-main\Group4FinalProject_DSG-main\project_dsg_hummingbird_eminem\project_dsg_hummingbird_eminem.srcs\sources_1\new\StateRegisterBank.vhd:]
WARNING: [filemgmt 56-199] Attempt to get parsing info during refresh. "On-the-fly" syntax checking information may be incorrect. [C:\Users\fahre\Downloads\Group4FinalProject_DSG-main\Group4FinalProject_DSG-main\project_dsg_hummingbird_eminem\project_dsg_hummingbird_eminem.srcs\sources_1\new\StateCore.vhd:]
WARNING: [filemgmt 56-199] Attempt to get parsing info during refresh. "On-the-fly" syntax checking information may be incorrect. [C:\Users\fahre\Downloads\Group4FinalProject_DSG-main\Group4FinalProject_DSG-main\project_dsg_hummingbird_eminem\project_dsg_hummingbird_eminem.srcs\sources_1\new\KeyScheduler.vhd:]
WARNING: [filemgmt 56-199] Attempt to get parsing info during refresh. "On-the-fly" syntax checking information may be incorrect. [C:\Users\fahre\Downloads\Group4FinalProject_DSG-main\Group4FinalProject_DSG-main\project_dsg_hummingbird_eminem\project_dsg_hummingbird_eminem.srcs\sources_1\new\KeyScheduler.vhd:]
WARNING: [filemgmt 56-199] Attempt to get parsing info during refresh. "On-the-fly" syntax checking information may be incorrect. [C:\Users\fahre\Downloads\Group4FinalProject_DSG-main\Group4FinalProject_DSG-main\project_dsg_hummingbird_eminem\project_dsg_hummingbird_eminem.srcs\sources_1\new\KeyScheduler.vhd:]
WARNING: [filemgmt 56-199] Attempt to get parsing info during refresh. "On-the-fly" syntax checking information may be incorrect. [C:\Users\fahre\Downloads\Group4FinalProject_DSG-main\Group4FinalProject_DSG-main\project_dsg_hummingbird_eminem\project_dsg_hummingbird_eminem.srcs\sources_1\new\LFSR16.vhd:]
WARNING: [filemgmt 56-199] Attempt to get parsing info during refresh. "On-the-fly" syntax checking information may be incorrect. [C:\Fahreza\Kampus\Semester 3\Digital System Design\Lab\Final Project\StateCore.vhd:]
WARNING: [filemgmt 56-199] Attempt to get parsing info during refresh. "On-the-fly" syntax checking information may be incorrect. [C:\Users\fahre\Downloads\Group4FinalProject_DSG-main\Group4FinalProject_DSG-main\project_dsg_hummingbird_eminem\project_dsg_hummingbird_eminem.srcs\sources_1\new\StateRegisterBank.vhd:]
WARNING: [filemgmt 56-199] Attempt to get parsing info during refresh. "On-the-fly" syntax checking information may be incorrect. [C:\Users\fahre\Downloads\Group4FinalProject_DSG-main\Group4FinalProject_DSG-main\project_dsg_hummingbird_eminem\project_dsg_hummingbird_eminem.srcs\sources_1\new\StateCore.vhd:]
WARNING: [filemgmt 56-199] Attempt to get parsing info during refresh. "On-the-fly" syntax checking information may be incorrect. [C:\Users\fahre\Downloads\Group4FinalProject_DSG-main\Group4FinalProject_DSG-main\project_dsg_hummingbird_eminem\project_dsg_hummingbird_eminem.srcs\sources_1\new\LFSR16.vhd:]
WARNING: [filemgmt 56-199] Attempt to get parsing info during refresh. "On-the-fly" syntax checking information may be incorrect. [C:\Users\fahre\Downloads\Group4FinalProject_DSG-main\Group4FinalProject_DSG-main\project_dsg_hummingbird_eminem\project_dsg_hummingbird_eminem.srcs\sources_1\new\LFSR16.vhd:]
WARNING: [filemgmt 56-199] Attempt to get parsing info during refresh. "On-the-fly" syntax checking information may be incorrect. [C:\Users\fahre\Downloads\Group4FinalProject_DSG-main\Group4FinalProject_DSG-main\project_dsg_hummingbird_eminem\project_dsg_hummingbird_eminem.srcs\sources_1\new\KeyScheduler.vhd:]
WARNING: [filemgmt 56-199] Attempt to get parsing info during refresh. "On-the-fly" syntax checking information may be incorrect. [C:\Users\fahre\Downloads\Group4FinalProject_DSG-main\Group4FinalProject_DSG-main\project_dsg_hummingbird_eminem\project_dsg_hummingbird_eminem.srcs\sources_1\new\LFSR16.vhd:]
WARNING: [filemgmt 56-199] Attempt to get parsing info during refresh. "On-the-fly" syntax checking information may be incorrect. [C:\Fahreza\Kampus\Semester 3\Digital System Design\Lab\Final Project\StateCore.vhd:]
WARNING: [filemgmt 56-199] Attempt to get parsing info during refresh. "On-the-fly" syntax checking information may be incorrect. [C:\Users\fahre\Downloads\Group4FinalProject_DSG-main\Group4FinalProject_DSG-main\project_dsg_hummingbird_eminem\project_dsg_hummingbird_eminem.srcs\sources_1\new\StateRegisterBank.vhd:]
WARNING: [filemgmt 56-199] Attempt to get parsing info during refresh. "On-the-fly" syntax checking information may be incorrect. [C:\Users\fahre\Downloads\Group4FinalProject_DSG-main\Group4FinalProject_DSG-main\project_dsg_hummingbird_eminem\project_dsg_hummingbird_eminem.srcs\sources_1\new\StateCore.vhd:]
WARNING: [filemgmt 56-199] Attempt to get parsing info during refresh. "On-the-fly" syntax checking information may be incorrect. [C:\Users\fahre\Downloads\Group4FinalProject_DSG-main\Group4FinalProject_DSG-main\project_dsg_hummingbird_eminem\project_dsg_hummingbird_eminem.srcs\sources_1\new\StateRegisterBank.vhd:]
WARNING: [filemgmt 56-199] Attempt to get parsing info during refresh. "On-the-fly" syntax checking information may be incorrect. [C:\Users\fahre\Downloads\Group4FinalProject_DSG-main\Group4FinalProject_DSG-main\project_dsg_hummingbird_eminem\project_dsg_hummingbird_eminem.srcs\sources_1\new\StateRegisterBank.vhd:]
WARNING: [filemgmt 56-199] Attempt to get parsing info during refresh. "On-the-fly" syntax checking information may be incorrect. [C:\Users\fahre\Downloads\Group4FinalProject_DSG-main\Group4FinalProject_DSG-main\project_dsg_hummingbird_eminem\project_dsg_hummingbird_eminem.srcs\sources_1\new\KeyScheduler.vhd:]
WARNING: [filemgmt 56-199] Attempt to get parsing info during refresh. "On-the-fly" syntax checking information may be incorrect. [C:\Users\fahre\Downloads\Group4FinalProject_DSG-main\Group4FinalProject_DSG-main\project_dsg_hummingbird_eminem\project_dsg_hummingbird_eminem.srcs\sources_1\new\LFSR16.vhd:]
WARNING: [filemgmt 56-199] Attempt to get parsing info during refresh. "On-the-fly" syntax checking information may be incorrect. [C:\Fahreza\Kampus\Semester 3\Digital System Design\Lab\Final Project\StateCore.vhd:]
WARNING: [filemgmt 56-199] Attempt to get parsing info during refresh. "On-the-fly" syntax checking information may be incorrect. [C:\Users\fahre\Downloads\Group4FinalProject_DSG-main\Group4FinalProject_DSG-main\project_dsg_hummingbird_eminem\project_dsg_hummingbird_eminem.srcs\sources_1\new\StateRegisterBank.vhd:]
WARNING: [filemgmt 56-199] Attempt to get parsing info during refresh. "On-the-fly" syntax checking information may be incorrect. [C:\Users\fahre\Downloads\Group4FinalProject_DSG-main\Group4FinalProject_DSG-main\project_dsg_hummingbird_eminem\project_dsg_hummingbird_eminem.srcs\sources_1\new\StateCore.vhd:]
WARNING: [filemgmt 56-199] Attempt to get parsing info during refresh. "On-the-fly" syntax checking information may be incorrect. [C:\Users\fahre\Downloads\Group4FinalProject_DSG-main\Group4FinalProject_DSG-main\project_dsg_hummingbird_eminem\project_dsg_hummingbird_eminem.srcs\sources_1\new\LFSR16.vhd:]
WARNING: [filemgmt 56-199] Attempt to get parsing info during refresh. "On-the-fly" syntax checking information may be incorrect. [C:\Users\fahre\Downloads\Group4FinalProject_DSG-main\Group4FinalProject_DSG-main\project_dsg_hummingbird_eminem\project_dsg_hummingbird_eminem.srcs\sources_1\new\LFSR16.vhd:]
WARNING: [filemgmt 56-199] Attempt to get parsing info during refresh. "On-the-fly" syntax checking information may be incorrect. [C:\Users\fahre\Downloads\Group4FinalProject_DSG-main\Group4FinalProject_DSG-main\project_dsg_hummingbird_eminem\project_dsg_hummingbird_eminem.srcs\sources_1\new\KeyScheduler.vhd:]
WARNING: [filemgmt 56-199] Attempt to get parsing info during refresh. "On-the-fly" syntax checking information may be incorrect. [C:\Users\fahre\Downloads\Group4FinalProject_DSG-main\Group4FinalProject_DSG-main\project_dsg_hummingbird_eminem\project_dsg_hummingbird_eminem.srcs\sources_1\new\LFSR16.vhd:]
WARNING: [filemgmt 56-199] Attempt to get parsing info during refresh. "On-the-fly" syntax checking information may be incorrect. [C:\Fahreza\Kampus\Semester 3\Digital System Design\Lab\Final Project\StateCore.vhd:]
WARNING: [filemgmt 56-199] Attempt to get parsing info during refresh. "On-the-fly" syntax checking information may be incorrect. [C:\Users\fahre\Downloads\Group4FinalProject_DSG-main\Group4FinalProject_DSG-main\project_dsg_hummingbird_eminem\project_dsg_hummingbird_eminem.srcs\sources_1\new\StateRegisterBank.vhd:]
WARNING: [filemgmt 56-199] Attempt to get parsing info during refresh. "On-the-fly" syntax checking information may be incorrect. [C:\Users\fahre\Downloads\Group4FinalProject_DSG-main\Group4FinalProject_DSG-main\project_dsg_hummingbird_eminem\project_dsg_hummingbird_eminem.srcs\sources_1\new\StateCore.vhd:]
WARNING: [filemgmt 56-199] Attempt to get parsing info during refresh. "On-the-fly" syntax checking information may be incorrect. [C:\Users\fahre\Downloads\Group4FinalProject_DSG-main\Group4FinalProject_DSG-main\project_dsg_hummingbird_eminem\project_dsg_hummingbird_eminem.srcs\sources_1\new\StateCore.vhd:]
WARNING: [filemgmt 56-199] Attempt to get parsing info during refresh. "On-the-fly" syntax checking information may be incorrect. [C:\Users\fahre\Downloads\Group4FinalProject_DSG-main\Group4FinalProject_DSG-main\project_dsg_hummingbird_eminem\project_dsg_hummingbird_eminem.srcs\sources_1\new\StateCore.vhd:]
ERROR: [Common 17-180] Spawn failed: The operation completed successfully.

WARNING: [filemgmt 56-199] Attempt to get parsing info during refresh. "On-the-fly" syntax checking information may be incorrect. [C:\Users\fahre\Downloads\Group4FinalProject_DSG-main\Group4FinalProject_DSG-main\project_dsg_hummingbird_eminem\project_dsg_hummingbird_eminem.srcs\sources_1\new\KeyScheduler.vhd:]
WARNING: [filemgmt 56-199] Attempt to get parsing info during refresh. "On-the-fly" syntax checking information may be incorrect. [C:\Users\fahre\Downloads\Group4FinalProject_DSG-main\Group4FinalProject_DSG-main\project_dsg_hummingbird_eminem\project_dsg_hummingbird_eminem.srcs\sources_1\new\LFSR16.vhd:]
WARNING: [filemgmt 56-199] Attempt to get parsing info during refresh. "On-the-fly" syntax checking information may be incorrect. [C:\Fahreza\Kampus\Semester 3\Digital System Design\Lab\Final Project\StateCore.vhd:]
WARNING: [filemgmt 56-199] Attempt to get parsing info during refresh. "On-the-fly" syntax checking information may be incorrect. [C:\Users\fahre\Downloads\Group4FinalProject_DSG-main\Group4FinalProject_DSG-main\project_dsg_hummingbird_eminem\project_dsg_hummingbird_eminem.srcs\sources_1\new\StateRegisterBank.vhd:]
WARNING: [filemgmt 56-199] Attempt to get parsing info during refresh. "On-the-fly" syntax checking information may be incorrect. [C:\Users\fahre\Downloads\Group4FinalProject_DSG-main\Group4FinalProject_DSG-main\project_dsg_hummingbird_eminem\project_dsg_hummingbird_eminem.srcs\sources_1\new\StateCore.vhd:]
WARNING: [filemgmt 56-199] Attempt to get parsing info during refresh. "On-the-fly" syntax checking information may be incorrect. [C:\Users\fahre\Downloads\Group4FinalProject_DSG-main\Group4FinalProject_DSG-main\project_dsg_hummingbird_eminem\project_dsg_hummingbird_eminem.srcs\sources_1\new\KeyScheduler.vhd:]
WARNING: [filemgmt 56-199] Attempt to get parsing info during refresh. "On-the-fly" syntax checking information may be incorrect. [C:\Users\fahre\Downloads\Group4FinalProject_DSG-main\Group4FinalProject_DSG-main\project_dsg_hummingbird_eminem\project_dsg_hummingbird_eminem.srcs\sources_1\new\KeyScheduler.vhd:]
update_compile_order -fileset sim_1
WARNING: [filemgmt 56-199] Attempt to get parsing info during refresh. "On-the-fly" syntax checking information may be incorrect. [C:\Users\fahre\Downloads\Group4FinalProject_DSG-main\Group4FinalProject_DSG-main\project_dsg_hummingbird_eminem\project_dsg_hummingbird_eminem.srcs\sources_1\new\KeyScheduler.vhd:]
WARNING: [filemgmt 56-199] Attempt to get parsing info during refresh. "On-the-fly" syntax checking information may be incorrect. [C:\Users\fahre\Downloads\Group4FinalProject_DSG-main\Group4FinalProject_DSG-main\project_dsg_hummingbird_eminem\project_dsg_hummingbird_eminem.srcs\sources_1\new\LFSR16.vhd:]
WARNING: [filemgmt 56-199] Attempt to get parsing info during refresh. "On-the-fly" syntax checking information may be incorrect. [C:\Fahreza\Kampus\Semester 3\Digital System Design\Lab\Final Project\StateCore.vhd:]
WARNING: [filemgmt 56-199] Attempt to get parsing info during refresh. "On-the-fly" syntax checking information may be incorrect. [C:\Users\fahre\Downloads\Group4FinalProject_DSG-main\Group4FinalProject_DSG-main\project_dsg_hummingbird_eminem\project_dsg_hummingbird_eminem.srcs\sources_1\new\StateRegisterBank.vhd:]
WARNING: [filemgmt 56-199] Attempt to get parsing info during refresh. "On-the-fly" syntax checking information may be incorrect. [C:\Users\fahre\Downloads\Group4FinalProject_DSG-main\Group4FinalProject_DSG-main\project_dsg_hummingbird_eminem\project_dsg_hummingbird_eminem.srcs\sources_1\new\StateCore.vhd:]
WARNING: [filemgmt 56-199] Attempt to get parsing info during refresh. "On-the-fly" syntax checking information may be incorrect. [C:\Users\fahre\Downloads\Group4FinalProject_DSG-main\Group4FinalProject_DSG-main\project_dsg_hummingbird_eminem\project_dsg_hummingbird_eminem.srcs\sources_1\new\KeyScheduler.vhd:]
WARNING: [filemgmt 56-199] Attempt to get parsing info during refresh. "On-the-fly" syntax checking information may be incorrect. [C:\Users\fahre\Downloads\Group4FinalProject_DSG-main\Group4FinalProject_DSG-main\project_dsg_hummingbird_eminem\project_dsg_hummingbird_eminem.srcs\sources_1\new\KeyScheduler.vhd:]
WARNING: [filemgmt 56-199] Attempt to get parsing info during refresh. "On-the-fly" syntax checking information may be incorrect. [C:\Users\fahre\Downloads\Group4FinalProject_DSG-main\Group4FinalProject_DSG-main\project_dsg_hummingbird_eminem\project_dsg_hummingbird_eminem.srcs\sources_1\new\KeyScheduler.vhd:]
WARNING: [filemgmt 56-199] Attempt to get parsing info during refresh. "On-the-fly" syntax checking information may be incorrect. [C:\Users\fahre\Downloads\Group4FinalProject_DSG-main\Group4FinalProject_DSG-main\project_dsg_hummingbird_eminem\project_dsg_hummingbird_eminem.srcs\sources_1\new\LFSR16.vhd:]
WARNING: [filemgmt 56-199] Attempt to get parsing info during refresh. "On-the-fly" syntax checking information may be incorrect. [C:\Fahreza\Kampus\Semester 3\Digital System Design\Lab\Final Project\StateCore.vhd:]
WARNING: [filemgmt 56-199] Attempt to get parsing info during refresh. "On-the-fly" syntax checking information may be incorrect. [C:\Users\fahre\Downloads\Group4FinalProject_DSG-main\Group4FinalProject_DSG-main\project_dsg_hummingbird_eminem\project_dsg_hummingbird_eminem.srcs\sources_1\new\StateRegisterBank.vhd:]
WARNING: [filemgmt 56-199] Attempt to get parsing info during refresh. "On-the-fly" syntax checking information may be incorrect. [C:\Users\fahre\Downloads\Group4FinalProject_DSG-main\Group4FinalProject_DSG-main\project_dsg_hummingbird_eminem\project_dsg_hummingbird_eminem.srcs\sources_1\new\StateCore.vhd:]
WARNING: [filemgmt 56-199] Attempt to get parsing info during refresh. "On-the-fly" syntax checking information may be incorrect. [C:\Users\fahre\Downloads\Group4FinalProject_DSG-main\Group4FinalProject_DSG-main\project_dsg_hummingbird_eminem\project_dsg_hummingbird_eminem.srcs\sources_1\new\StateRegisterBank.vhd:]
WARNING: [filemgmt 56-199] Attempt to get parsing info during refresh. "On-the-fly" syntax checking information may be incorrect. [C:\Users\fahre\Downloads\Group4FinalProject_DSG-main\Group4FinalProject_DSG-main\project_dsg_hummingbird_eminem\project_dsg_hummingbird_eminem.srcs\sources_1\new\StateRegisterBank.vhd:]
WARNING: [filemgmt 56-199] Attempt to get parsing info during refresh. "On-the-fly" syntax checking information may be incorrect. [C:\Users\fahre\Downloads\Group4FinalProject_DSG-main\Group4FinalProject_DSG-main\project_dsg_hummingbird_eminem\project_dsg_hummingbird_eminem.srcs\sources_1\new\KeyScheduler.vhd:]
WARNING: [filemgmt 56-199] Attempt to get parsing info during refresh. "On-the-fly" syntax checking information may be incorrect. [C:\Users\fahre\Downloads\Group4FinalProject_DSG-main\Group4FinalProject_DSG-main\project_dsg_hummingbird_eminem\project_dsg_hummingbird_eminem.srcs\sources_1\new\LFSR16.vhd:]
WARNING: [filemgmt 56-199] Attempt to get parsing info during refresh. "On-the-fly" syntax checking information may be incorrect. [C:\Fahreza\Kampus\Semester 3\Digital System Design\Lab\Final Project\StateCore.vhd:]
WARNING: [filemgmt 56-199] Attempt to get parsing info during refresh. "On-the-fly" syntax checking information may be incorrect. [C:\Users\fahre\Downloads\Group4FinalProject_DSG-main\Group4FinalProject_DSG-main\project_dsg_hummingbird_eminem\project_dsg_hummingbird_eminem.srcs\sources_1\new\StateRegisterBank.vhd:]
WARNING: [filemgmt 56-199] Attempt to get parsing info during refresh. "On-the-fly" syntax checking information may be incorrect. [C:\Users\fahre\Downloads\Group4FinalProject_DSG-main\Group4FinalProject_DSG-main\project_dsg_hummingbird_eminem\project_dsg_hummingbird_eminem.srcs\sources_1\new\StateCore.vhd:]
WARNING: [filemgmt 56-199] Attempt to get parsing info during refresh. "On-the-fly" syntax checking information may be incorrect. [C:\Users\fahre\Downloads\Group4FinalProject_DSG-main\Group4FinalProject_DSG-main\project_dsg_hummingbird_eminem\project_dsg_hummingbird_eminem.srcs\sources_1\new\StateCore.vhd:]
WARNING: [filemgmt 56-199] Attempt to get parsing info during refresh. "On-the-fly" syntax checking information may be incorrect. [C:\Users\fahre\Downloads\Group4FinalProject_DSG-main\Group4FinalProject_DSG-main\project_dsg_hummingbird_eminem\project_dsg_hummingbird_eminem.srcs\sources_1\new\StateCore.vhd:]
WARNING: [filemgmt 56-199] Attempt to get parsing info during refresh. "On-the-fly" syntax checking information may be incorrect. [C:\Users\fahre\Downloads\Group4FinalProject_DSG-main\Group4FinalProject_DSG-main\project_dsg_hummingbird_eminem\project_dsg_hummingbird_eminem.srcs\sources_1\new\KeyScheduler.vhd:]
WARNING: [filemgmt 56-199] Attempt to get parsing info during refresh. "On-the-fly" syntax checking information may be incorrect. [C:\Users\fahre\Downloads\Group4FinalProject_DSG-main\Group4FinalProject_DSG-main\project_dsg_hummingbird_eminem\project_dsg_hummingbird_eminem.srcs\sources_1\new\LFSR16.vhd:]
WARNING: [filemgmt 56-199] Attempt to get parsing info during refresh. "On-the-fly" syntax checking information may be incorrect. [C:\Fahreza\Kampus\Semester 3\Digital System Design\Lab\Final Project\StateCore.vhd:]
WARNING: [filemgmt 56-199] Attempt to get parsing info during refresh. "On-the-fly" syntax checking information may be incorrect. [C:\Users\fahre\Downloads\Group4FinalProject_DSG-main\Group4FinalProject_DSG-main\project_dsg_hummingbird_eminem\project_dsg_hummingbird_eminem.srcs\sources_1\new\StateRegisterBank.vhd:]
WARNING: [filemgmt 56-199] Attempt to get parsing info during refresh. "On-the-fly" syntax checking information may be incorrect. [C:\Users\fahre\Downloads\Group4FinalProject_DSG-main\Group4FinalProject_DSG-main\project_dsg_hummingbird_eminem\project_dsg_hummingbird_eminem.srcs\sources_1\new\StateCore.vhd:]
WARNING: [filemgmt 56-199] Attempt to get parsing info during refresh. "On-the-fly" syntax checking information may be incorrect. [C:\Users\fahre\Downloads\Group4FinalProject_DSG-main\Group4FinalProject_DSG-main\project_dsg_hummingbird_eminem\project_dsg_hummingbird_eminem.srcs\sim_1\new\tb_StateCore.vhd:]
WARNING: [filemgmt 56-199] Attempt to get parsing info during refresh. "On-the-fly" syntax checking information may be incorrect. [C:\Users\fahre\Downloads\Group4FinalProject_DSG-main\Group4FinalProject_DSG-main\project_dsg_hummingbird_eminem\project_dsg_hummingbird_eminem.srcs\sources_1\new\StateRegisterBank.vhd:]
WARNING: [filemgmt 56-199] Attempt to get parsing info during refresh. "On-the-fly" syntax checking information may be incorrect. [C:\Users\fahre\Downloads\Group4FinalProject_DSG-main\Group4FinalProject_DSG-main\project_dsg_hummingbird_eminem\project_dsg_hummingbird_eminem.srcs\sources_1\new\StateRegisterBank.vhd:]
WARNING: [filemgmt 56-199] Attempt to get parsing info during refresh. "On-the-fly" syntax checking information may be incorrect. [C:\Users\fahre\Downloads\Group4FinalProject_DSG-main\Group4FinalProject_DSG-main\project_dsg_hummingbird_eminem\project_dsg_hummingbird_eminem.srcs\sources_1\new\KeyScheduler.vhd:]
WARNING: [filemgmt 56-199] Attempt to get parsing info during refresh. "On-the-fly" syntax checking information may be incorrect. [C:\Users\fahre\Downloads\Group4FinalProject_DSG-main\Group4FinalProject_DSG-main\project_dsg_hummingbird_eminem\project_dsg_hummingbird_eminem.srcs\sources_1\new\LFSR16.vhd:]
WARNING: [filemgmt 56-199] Attempt to get parsing info during refresh. "On-the-fly" syntax checking information may be incorrect. [C:\Fahreza\Kampus\Semester 3\Digital System Design\Lab\Final Project\StateCore.vhd:]
WARNING: [filemgmt 56-199] Attempt to get parsing info during refresh. "On-the-fly" syntax checking information may be incorrect. [C:\Users\fahre\Downloads\Group4FinalProject_DSG-main\Group4FinalProject_DSG-main\project_dsg_hummingbird_eminem\project_dsg_hummingbird_eminem.srcs\sources_1\new\StateRegisterBank.vhd:]
WARNING: [filemgmt 56-199] Attempt to get parsing info during refresh. "On-the-fly" syntax checking information may be incorrect. [C:\Users\fahre\Downloads\Group4FinalProject_DSG-main\Group4FinalProject_DSG-main\project_dsg_hummingbird_eminem\project_dsg_hummingbird_eminem.srcs\sources_1\new\StateCore.vhd:]
WARNING: [filemgmt 56-199] Attempt to get parsing info during refresh. "On-the-fly" syntax checking information may be incorrect. [C:\Users\fahre\Downloads\Group4FinalProject_DSG-main\Group4FinalProject_DSG-main\project_dsg_hummingbird_eminem\project_dsg_hummingbird_eminem.srcs\sim_1\new\tb_StateCore.vhd:]
WARNING: [filemgmt 56-199] Attempt to get parsing info during refresh. "On-the-fly" syntax checking information may be incorrect. [C:\Users\fahre\Downloads\Group4FinalProject_DSG-main\Group4FinalProject_DSG-main\project_dsg_hummingbird_eminem\project_dsg_hummingbird_eminem.srcs\sources_1\new\StateCore.vhd:]
WARNING: [filemgmt 56-199] Attempt to get parsing info during refresh. "On-the-fly" syntax checking information may be incorrect. [C:\Users\fahre\Downloads\Group4FinalProject_DSG-main\Group4FinalProject_DSG-main\project_dsg_hummingbird_eminem\project_dsg_hummingbird_eminem.srcs\sources_1\new\StateCore.vhd:]
WARNING: [filemgmt 56-199] Attempt to get parsing info during refresh. "On-the-fly" syntax checking information may be incorrect. [C:\Users\fahre\Downloads\Group4FinalProject_DSG-main\Group4FinalProject_DSG-main\project_dsg_hummingbird_eminem\project_dsg_hummingbird_eminem.srcs\sources_1\new\KeyScheduler.vhd:]
WARNING: [filemgmt 56-199] Attempt to get parsing info during refresh. "On-the-fly" syntax checking information may be incorrect. [C:\Users\fahre\Downloads\Group4FinalProject_DSG-main\Group4FinalProject_DSG-main\project_dsg_hummingbird_eminem\project_dsg_hummingbird_eminem.srcs\sources_1\new\LFSR16.vhd:]
WARNING: [filemgmt 56-199] Attempt to get parsing info during refresh. "On-the-fly" syntax checking information may be incorrect. [C:\Fahreza\Kampus\Semester 3\Digital System Design\Lab\Final Project\StateCore.vhd:]
WARNING: [filemgmt 56-199] Attempt to get parsing info during refresh. "On-the-fly" syntax checking information may be incorrect. [C:\Users\fahre\Downloads\Group4FinalProject_DSG-main\Group4FinalProject_DSG-main\project_dsg_hummingbird_eminem\project_dsg_hummingbird_eminem.srcs\sources_1\new\StateRegisterBank.vhd:]
WARNING: [filemgmt 56-199] Attempt to get parsing info during refresh. "On-the-fly" syntax checking information may be incorrect. [C:\Users\fahre\Downloads\Group4FinalProject_DSG-main\Group4FinalProject_DSG-main\project_dsg_hummingbird_eminem\project_dsg_hummingbird_eminem.srcs\sources_1\new\StateCore.vhd:]
WARNING: [filemgmt 56-199] Attempt to get parsing info during refresh. "On-the-fly" syntax checking information may be incorrect. [C:\Users\fahre\Downloads\Group4FinalProject_DSG-main\Group4FinalProject_DSG-main\project_dsg_hummingbird_eminem\project_dsg_hummingbird_eminem.srcs\sim_1\new\tb_StateCore.vhd:]
WARNING: [filemgmt 56-199] Attempt to get parsing info during refresh. "On-the-fly" syntax checking information may be incorrect. [C:\Users\fahre\Downloads\Group4FinalProject_DSG-main\Group4FinalProject_DSG-main\project_dsg_hummingbird_eminem\project_dsg_hummingbird_eminem.srcs\sim_1\new\tb_StateCore.vhd:]
WARNING: [filemgmt 56-199] Attempt to get parsing info during refresh. "On-the-fly" syntax checking information may be incorrect. [C:\Users\fahre\Downloads\Group4FinalProject_DSG-main\Group4FinalProject_DSG-main\project_dsg_hummingbird_eminem\project_dsg_hummingbird_eminem.srcs\sim_1\new\tb_StateCore.vhd:]
WARNING: [filemgmt 56-199] Attempt to get parsing info during refresh. "On-the-fly" syntax checking information may be incorrect. [C:\Users\fahre\Downloads\Group4FinalProject_DSG-main\Group4FinalProject_DSG-main\project_dsg_hummingbird_eminem\project_dsg_hummingbird_eminem.srcs\sources_1\new\KeyScheduler.vhd:]
WARNING: [filemgmt 56-199] Attempt to get parsing info during refresh. "On-the-fly" syntax checking information may be incorrect. [C:\Users\fahre\Downloads\Group4FinalProject_DSG-main\Group4FinalProject_DSG-main\project_dsg_hummingbird_eminem\project_dsg_hummingbird_eminem.srcs\sources_1\new\LFSR16.vhd:]
WARNING: [filemgmt 56-199] Attempt to get parsing info during refresh. "On-the-fly" syntax checking information may be incorrect. [C:\Fahreza\Kampus\Semester 3\Digital System Design\Lab\Final Project\StateCore.vhd:]
WARNING: [filemgmt 56-199] Attempt to get parsing info during refresh. "On-the-fly" syntax checking information may be incorrect. [C:\Users\fahre\Downloads\Group4FinalProject_DSG-main\Group4FinalProject_DSG-main\project_dsg_hummingbird_eminem\project_dsg_hummingbird_eminem.srcs\sources_1\new\StateRegisterBank.vhd:]
WARNING: [filemgmt 56-199] Attempt to get parsing info during refresh. "On-the-fly" syntax checking information may be incorrect. [C:\Users\fahre\Downloads\Group4FinalProject_DSG-main\Group4FinalProject_DSG-main\project_dsg_hummingbird_eminem\project_dsg_hummingbird_eminem.srcs\sources_1\new\StateCore.vhd:]
WARNING: [filemgmt 56-199] Attempt to get parsing info during refresh. "On-the-fly" syntax checking information may be incorrect. [C:\Users\fahre\Downloads\Group4FinalProject_DSG-main\Group4FinalProject_DSG-main\project_dsg_hummingbird_eminem\project_dsg_hummingbird_eminem.srcs\sim_1\new\tb_StateCore.vhd:]
WARNING: [filemgmt 56-199] Attempt to get parsing info during refresh. "On-the-fly" syntax checking information may be incorrect. [C:\Users\fahre\Downloads\Group4FinalProject_DSG-main\Group4FinalProject_DSG-main\project_dsg_hummingbird_eminem\project_dsg_hummingbird_eminem.srcs\sources_1\new\StateRegisterBank.vhd:]
WARNING: [filemgmt 56-199] Attempt to get parsing info during refresh. "On-the-fly" syntax checking information may be incorrect. [C:\Users\fahre\Downloads\Group4FinalProject_DSG-main\Group4FinalProject_DSG-main\project_dsg_hummingbird_eminem\project_dsg_hummingbird_eminem.srcs\sources_1\new\StateRegisterBank.vhd:]
WARNING: [filemgmt 56-199] Attempt to get parsing info during refresh. "On-the-fly" syntax checking information may be incorrect. [C:\Users\fahre\Downloads\Group4FinalProject_DSG-main\Group4FinalProject_DSG-main\project_dsg_hummingbird_eminem\project_dsg_hummingbird_eminem.srcs\sources_1\new\KeyScheduler.vhd:]
WARNING: [filemgmt 56-199] Attempt to get parsing info during refresh. "On-the-fly" syntax checking information may be incorrect. [C:\Users\fahre\Downloads\Group4FinalProject_DSG-main\Group4FinalProject_DSG-main\project_dsg_hummingbird_eminem\project_dsg_hummingbird_eminem.srcs\sources_1\new\LFSR16.vhd:]
WARNING: [filemgmt 56-199] Attempt to get parsing info during refresh. "On-the-fly" syntax checking information may be incorrect. [C:\Fahreza\Kampus\Semester 3\Digital System Design\Lab\Final Project\StateCore.vhd:]
WARNING: [filemgmt 56-199] Attempt to get parsing info during refresh. "On-the-fly" syntax checking information may be incorrect. [C:\Users\fahre\Downloads\Group4FinalProject_DSG-main\Group4FinalProject_DSG-main\project_dsg_hummingbird_eminem\project_dsg_hummingbird_eminem.srcs\sources_1\new\StateRegisterBank.vhd:]
WARNING: [filemgmt 56-199] Attempt to get parsing info during refresh. "On-the-fly" syntax checking information may be incorrect. [C:\Users\fahre\Downloads\Group4FinalProject_DSG-main\Group4FinalProject_DSG-main\project_dsg_hummingbird_eminem\project_dsg_hummingbird_eminem.srcs\sources_1\new\StateCore.vhd:]
WARNING: [filemgmt 56-199] Attempt to get parsing info during refresh. "On-the-fly" syntax checking information may be incorrect. [C:\Users\fahre\Downloads\Group4FinalProject_DSG-main\Group4FinalProject_DSG-main\project_dsg_hummingbird_eminem\project_dsg_hummingbird_eminem.srcs\sim_1\new\tb_StateCore.vhd:]
WARNING: [filemgmt 56-199] Attempt to get parsing info during refresh. "On-the-fly" syntax checking information may be incorrect. [C:\Users\fahre\Downloads\Group4FinalProject_DSG-main\Group4FinalProject_DSG-main\project_dsg_hummingbird_eminem\project_dsg_hummingbird_eminem.srcs\sources_1\new\StateCore.vhd:]
WARNING: [filemgmt 56-199] Attempt to get parsing info during refresh. "On-the-fly" syntax checking information may be incorrect. [C:\Users\fahre\Downloads\Group4FinalProject_DSG-main\Group4FinalProject_DSG-main\project_dsg_hummingbird_eminem\project_dsg_hummingbird_eminem.srcs\sources_1\new\StateCore.vhd:]
ERROR: [filemgmt 56-220] Caught exception before/during exec of srcscanner. (ERROR: [Common 17-70] Application Exception: Failed to open logFile
)
WARNING: [filemgmt 56-199] Attempt to get parsing info during refresh. "On-the-fly" syntax checking information may be incorrect. [C:\Users\fahre\Downloads\Group4FinalProject_DSG-main\Group4FinalProject_DSG-main\project_dsg_hummingbird_eminem\project_dsg_hummingbird_eminem.srcs\sources_1\new\KeyScheduler.vhd:]
WARNING: [filemgmt 56-199] Attempt to get parsing info during refresh. "On-the-fly" syntax checking information may be incorrect. [C:\Users\fahre\Downloads\Group4FinalProject_DSG-main\Group4FinalProject_DSG-main\project_dsg_hummingbird_eminem\project_dsg_hummingbird_eminem.srcs\sources_1\new\LFSR16.vhd:]
WARNING: [filemgmt 56-199] Attempt to get parsing info during refresh. "On-the-fly" syntax checking information may be incorrect. [C:\Fahreza\Kampus\Semester 3\Digital System Design\Lab\Final Project\StateCore.vhd:]
WARNING: [filemgmt 56-199] Attempt to get parsing info during refresh. "On-the-fly" syntax checking information may be incorrect. [C:\Users\fahre\Downloads\Group4FinalProject_DSG-main\Group4FinalProject_DSG-main\project_dsg_hummingbird_eminem\project_dsg_hummingbird_eminem.srcs\sources_1\new\StateRegisterBank.vhd:]
WARNING: [filemgmt 56-199] Attempt to get parsing info during refresh. "On-the-fly" syntax checking information may be incorrect. [C:\Users\fahre\Downloads\Group4FinalProject_DSG-main\Group4FinalProject_DSG-main\project_dsg_hummingbird_eminem\project_dsg_hummingbird_eminem.srcs\sources_1\new\StateCore.vhd:]
WARNING: [filemgmt 56-199] Attempt to get parsing info during refresh. "On-the-fly" syntax checking information may be incorrect. [C:\Users\fahre\Downloads\Group4FinalProject_DSG-main\Group4FinalProject_DSG-main\project_dsg_hummingbird_eminem\project_dsg_hummingbird_eminem.srcs\sim_1\new\tb_StateCore.vhd:]
WARNING: [filemgmt 56-199] Attempt to get parsing info during refresh. "On-the-fly" syntax checking information may be incorrect. [C:\Users\fahre\Downloads\Group4FinalProject_DSG-main\Group4FinalProject_DSG-main\project_dsg_hummingbird_eminem\project_dsg_hummingbird_eminem.srcs\sim_1\new\tb_StateCore.vhd:]
WARNING: [filemgmt 56-199] Attempt to get parsing info during refresh. "On-the-fly" syntax checking information may be incorrect. [C:\Users\fahre\Downloads\Group4FinalProject_DSG-main\Group4FinalProject_DSG-main\project_dsg_hummingbird_eminem\project_dsg_hummingbird_eminem.srcs\sim_1\new\tb_StateCore.vhd:]
update_compile_order -fileset sim_1
launch_simulation
Command: launch_simulation 
INFO: [Vivado 12-12493] Simulation top is 'tb_StateCore'
INFO: [Vivado 12-5682] Launching behavioral simulation in 'C:/Users/fahre/Downloads/Group4FinalProject_DSG-main/Group4FinalProject_DSG-main/project_dsg_hummingbird_eminem/project_dsg_hummingbird_eminem.sim/sim_1/behav/xsim'
INFO: [SIM-utils-51] Simulation object is 'sim_1'
INFO: [SIM-utils-72] Using boost library from 'D:/2025.1/Vivado/tps/boost_1_72_0'
INFO: [SIM-utils-54] Inspecting design source files for 'tb_StateCore' in fileset 'sim_1'...
INFO: [USF-XSim-97] Finding global include files...
INFO: [USF-XSim-98] Fetching design files from 'sim_1'...
INFO: [USF-XSim-2] XSim::Compile design
INFO: [USF-XSim-61] Executing 'COMPILE and ANALYZE' step in 'C:/Users/fahre/Downloads/Group4FinalProject_DSG-main/Group4FinalProject_DSG-main/project_dsg_hummingbird_eminem/project_dsg_hummingbird_eminem.sim/sim_1/behav/xsim'
"xvhdl --incr --relax -prj tb_StateCore_vhdl.prj"
INFO: [VRFC 10-163] Analyzing VHDL file "C:/Users/fahre/Downloads/Group4FinalProject_DSG-main/Group4FinalProject_DSG-main/project_dsg_hummingbird_eminem/project_dsg_hummingbird_eminem.srcs/sources_1/new/KeyScheduler.vhd" into library xil_defaultlib
INFO: [VRFC 10-3107] analyzing entity 'KeyScheduler'
INFO: [VRFC 10-163] Analyzing VHDL file "C:/Users/fahre/Downloads/Group4FinalProject_DSG-main/Group4FinalProject_DSG-main/project_dsg_hummingbird_eminem/project_dsg_hummingbird_eminem.srcs/sources_1/new/LFSR16.vhd" into library xil_defaultlib
INFO: [VRFC 10-3107] analyzing entity 'LFSR16'
INFO: [VRFC 10-163] Analyzing VHDL file "C:/Users/fahre/Downloads/Group4FinalProject_DSG-main/Group4FinalProject_DSG-main/project_dsg_hummingbird_eminem/project_dsg_hummingbird_eminem.srcs/sources_1/new/StateCore.vhd" into library xil_defaultlib
INFO: [VRFC 10-3107] analyzing entity 'StateCore'
INFO: [VRFC 10-163] Analyzing VHDL file "C:/Users/fahre/Downloads/Group4FinalProject_DSG-main/Group4FinalProject_DSG-main/project_dsg_hummingbird_eminem/project_dsg_hummingbird_eminem.srcs/sources_1/new/StateRegisterBank.vhd" into library xil_defaultlib
INFO: [VRFC 10-3107] analyzing entity 'StateRegisterBank'
INFO: [VRFC 10-163] Analyzing VHDL file "C:/Users/fahre/Downloads/Group4FinalProject_DSG-main/Group4FinalProject_DSG-main/project_dsg_hummingbird_eminem/project_dsg_hummingbird_eminem.srcs/sim_1/new/tb_StateCore.vhd" into library xil_defaultlib
INFO: [VRFC 10-3107] analyzing entity 'tb_StateCore'
INFO: [USF-XSim-69] 'compile' step finished in '2' seconds
INFO: [USF-XSim-3] XSim::Elaborate design
INFO: [USF-XSim-61] Executing 'ELABORATE' step in 'C:/Users/fahre/Downloads/Group4FinalProject_DSG-main/Group4FinalProject_DSG-main/project_dsg_hummingbird_eminem/project_dsg_hummingbird_eminem.sim/sim_1/behav/xsim'
"xelab --incr --debug typical --relax --mt 2 -L xil_defaultlib -L secureip --snapshot tb_StateCore_behav xil_defaultlib.tb_StateCore -log elaborate.log"
Vivado Simulator v2025.1.0
Copyright 1986-2022 Xilinx, Inc. All Rights Reserved.
Copyright 2022-2025 Advanced Micro Devices, Inc. All Rights Reserved.
Running: D:/2025.1/Vivado/bin/unwrapped/win64.o/xelab.exe --incr --debug typical --relax --mt 2 -L xil_defaultlib -L secureip --snapshot tb_StateCore_behav xil_defaultlib.tb_StateCore -log elaborate.log 
Using 2 slave threads.
Starting static elaboration
Completed static elaboration
Starting simulation data flow analysis
Completed simulation data flow analysis
Time Resolution for simulation is 1ps
Compiling package std.standard
Compiling package std.textio
Compiling package ieee.std_logic_1164
Compiling architecture rtl of entity xil_defaultlib.KeyScheduler [keyscheduler_default]
Compiling architecture rtl of entity xil_defaultlib.LFSR16 [lfsr16_default]
Compiling architecture rtl of entity xil_defaultlib.StateRegisterBank [stateregisterbank_default]
Compiling architecture structural of entity xil_defaultlib.StateCore [statecore_default]
Compiling architecture sim of entity xil_defaultlib.tb_statecore
Built simulation snapshot tb_StateCore_behav
INFO: [USF-XSim-69] 'elaborate' step finished in '3' seconds
INFO: [USF-XSim-4] XSim::Simulate design
INFO: [USF-XSim-61] Executing 'SIMULATE' step in 'C:/Users/fahre/Downloads/Group4FinalProject_DSG-main/Group4FinalProject_DSG-main/project_dsg_hummingbird_eminem/project_dsg_hummingbird_eminem.sim/sim_1/behav/xsim'
INFO: [USF-XSim-98] *** Running xsim
   with args "tb_StateCore_behav -key {Behavioral:sim_1:Functional:tb_StateCore} -tclbatch {tb_StateCore.tcl} -log {simulate.log}"
INFO: [USF-XSim-8] Loading simulator feature
Time resolution is 1 ps
source tb_StateCore.tcl
# set curr_wave [current_wave_config]
# if { [string length $curr_wave] == 0 } {
#   if { [llength [get_objects]] > 0} {
#     add_wave /
#     set_property needs_save false [current_wave_config]
#   } else {
#      send_msg_id Add_Wave-1 WARNING "No top level signals found. Simulator will start without a wave window. If you want to open a wave window go to 'File->New Waveform Configuration' or type 'create_wave_config' in the TCL console."
#   }
# }
# run 1000ns
INFO: [USF-XSim-96] XSim completed. Design snapshot 'tb_StateCore_behav' loaded.
INFO: [USF-XSim-97] XSim simulation ran for 1000ns
launch_simulation: Time (s): cpu = 00:00:06 ; elapsed = 00:00:10 . Memory (MB): peak = 1739.656 ; gain = 53.051
save_wave_config {C:/Users/fahre/Downloads/Group4FinalProject_DSG-main/Group4FinalProject_DSG-main/project_dsg_hummingbird_eminem/tb_StateCore_behav.wcfg}
add_files -fileset sim_1 -norecurse C:/Users/fahre/Downloads/Group4FinalProject_DSG-main/Group4FinalProject_DSG-main/project_dsg_hummingbird_eminem/tb_StateCore_behav.wcfg
set_property xsim.view C:/Users/fahre/Downloads/Group4FinalProject_DSG-main/Group4FinalProject_DSG-main/project_dsg_hummingbird_eminem/tb_StateCore_behav.wcfg [get_filesets sim_1]
close_sim
INFO: [Simtcl 6-16] Simulation closed
exit
INFO: [Common 17-206] Exiting Vivado at Thu Dec  4 13:48:09 2025...
